2015-08-25 22:58:14 Error: [MissingControllerException] Controller class SitesController could not be found.
Exception Attributes: array (
  'class' => 'SitesController',
  'plugin' => NULL,
)
Request URL: /Sites
Stack Trace:
#0 /Users/Uesato/Sites/app/webroot/index.php(118): Dispatcher->dispatch(Object(CakeRequest), Object(CakeResponse))
#1 {main}
2015-08-25 23:03:57 Error: [MissingComponentException] Component class ToolbarComponent could not be found.
Exception Attributes: array (
  'class' => 'ToolbarComponent',
  'plugin' => 'DebugKit',
)
Request URL: /
Stack Trace:
#0 /Users/Uesato/Sites/lib/Cake/Controller/ComponentCollection.php(53): ComponentCollection->load('DebugKit.Toolba...', Array)
#1 /Users/Uesato/Sites/lib/Cake/Controller/Controller.php(643): ComponentCollection->init(Object(PagesController))
#2 /Users/Uesato/Sites/lib/Cake/Routing/Dispatcher.php(188): Controller->constructClasses()
#3 /Users/Uesato/Sites/lib/Cake/Routing/Dispatcher.php(167): Dispatcher->_invoke(Object(PagesController), Object(CakeRequest))
#4 /Users/Uesato/Sites/app/webroot/index.php(118): Dispatcher->dispatch(Object(CakeRequest), Object(CakeResponse))
#5 {main}
2015-08-25 23:09:14 Error: [MissingComponentException] Component class ToolbarComponent could not be found.
Exception Attributes: array (
  'class' => 'ToolbarComponent',
  'plugin' => 'DebugKit',
)
Request URL: /
Stack Trace:
#0 /Users/Uesato/Sites/lib/Cake/Controller/ComponentCollection.php(53): ComponentCollection->load('DebugKit.Toolba...', Array)
#1 /Users/Uesato/Sites/lib/Cake/Controller/Controller.php(643): ComponentCollection->init(Object(PagesController))
#2 /Users/Uesato/Sites/lib/Cake/Routing/Dispatcher.php(188): Controller->constructClasses()
#3 /Users/Uesato/Sites/lib/Cake/Routing/Dispatcher.php(167): Dispatcher->_invoke(Object(PagesController), Object(CakeRequest))
#4 /Users/Uesato/Sites/app/webroot/index.php(118): Dispatcher->dispatch(Object(CakeRequest), Object(CakeResponse))
#5 {main}
2015-08-25 23:11:59 Error: [MissingComponentException] Component class ToolbarComponent could not be found.
Exception Attributes: array (
  'class' => 'ToolbarComponent',
  'plugin' => 'DebugKit',
)
Request URL: /
Stack Trace:
#0 /Users/Uesato/Sites/lib/Cake/Controller/ComponentCollection.php(53): ComponentCollection->load('DebugKit.Toolba...', Array)
#1 /Users/Uesato/Sites/lib/Cake/Controller/Controller.php(643): ComponentCollection->init(Object(PagesController))
#2 /Users/Uesato/Sites/lib/Cake/Routing/Dispatcher.php(188): Controller->constructClasses()
#3 /Users/Uesato/Sites/lib/Cake/Routing/Dispatcher.php(167): Dispatcher->_invoke(Object(PagesController), Object(CakeRequest))
#4 /Users/Uesato/Sites/app/webroot/index.php(118): Dispatcher->dispatch(Object(CakeRequest), Object(CakeResponse))
#5 {main}
2015-08-25 23:14:33 Error: [MissingComponentException] Component class ToolbarComponent could not be found.
Exception Attributes: array (
  'class' => 'ToolbarComponent',
  'plugin' => 'DebugKit',
)
Request URL: /
Stack Trace:
#0 /Users/Uesato/Sites/lib/Cake/Controller/ComponentCollection.php(53): ComponentCollection->load('DebugKit.Toolba...', Array)
#1 /Users/Uesato/Sites/lib/Cake/Controller/Controller.php(643): ComponentCollection->init(Object(PagesController))
#2 /Users/Uesato/Sites/lib/Cake/Routing/Dispatcher.php(188): Controller->constructClasses()
#3 /Users/Uesato/Sites/lib/Cake/Routing/Dispatcher.php(167): Dispatcher->_invoke(Object(PagesController), Object(CakeRequest))
#4 /Users/Uesato/Sites/app/webroot/index.php(118): Dispatcher->dispatch(Object(CakeRequest), Object(CakeResponse))
#5 {main}
2015-08-25 23:14:36 Error: [MissingComponentException] Component class ToolbarComponent could not be found.
Exception Attributes: array (
  'class' => 'ToolbarComponent',
  'plugin' => 'DebugKit',
)
Request URL: /
Stack Trace:
#0 /Users/Uesato/Sites/lib/Cake/Controller/ComponentCollection.php(53): ComponentCollection->load('DebugKit.Toolba...', Array)
#1 /Users/Uesato/Sites/lib/Cake/Controller/Controller.php(643): ComponentCollection->init(Object(PagesController))
#2 /Users/Uesato/Sites/lib/Cake/Routing/Dispatcher.php(188): Controller->constructClasses()
#3 /Users/Uesato/Sites/lib/Cake/Routing/Dispatcher.php(167): Dispatcher->_invoke(Object(PagesController), Object(CakeRequest))
#4 /Users/Uesato/Sites/app/webroot/index.php(118): Dispatcher->dispatch(Object(CakeRequest), Object(CakeResponse))
#5 {main}
2015-08-25 23:18:56 Error: [MissingComponentException] Component class ToolbarComponent could not be found.
Exception Attributes: array (
  'class' => 'ToolbarComponent',
  'plugin' => 'DebugKit',
)
Request URL: /
Stack Trace:
#0 /Users/Uesato/Sites/lib/Cake/Controller/ComponentCollection.php(53): ComponentCollection->load('DebugKit.Toolba...', Array)
#1 /Users/Uesato/Sites/lib/Cake/Controller/Controller.php(643): ComponentCollection->init(Object(PagesController))
#2 /Users/Uesato/Sites/lib/Cake/Routing/Dispatcher.php(188): Controller->constructClasses()
#3 /Users/Uesato/Sites/lib/Cake/Routing/Dispatcher.php(167): Dispatcher->_invoke(Object(PagesController), Object(CakeRequest))
#4 /Users/Uesato/Sites/app/webroot/index.php(118): Dispatcher->dispatch(Object(CakeRequest), Object(CakeResponse))
#5 {main}
2015-08-25 23:28:05 Error: [MissingComponentException] Component class ToolbarComponent could not be found.
Exception Attributes: array (
  'class' => 'ToolbarComponent',
  'plugin' => 'DebugKit',
)
Request URL: /
Stack Trace:
#0 /Users/Uesato/Sites/lib/Cake/Controller/ComponentCollection.php(53): ComponentCollection->load('DebugKit.Toolba...', Array)
#1 /Users/Uesato/Sites/lib/Cake/Controller/Controller.php(643): ComponentCollection->init(Object(PagesController))
#2 /Users/Uesato/Sites/lib/Cake/Routing/Dispatcher.php(188): Controller->constructClasses()
#3 /Users/Uesato/Sites/lib/Cake/Routing/Dispatcher.php(167): Dispatcher->_invoke(Object(PagesController), Object(CakeRequest))
#4 /Users/Uesato/Sites/app/webroot/index.php(118): Dispatcher->dispatch(Object(CakeRequest), Object(CakeResponse))
#5 {main}
2015-08-25 23:29:49 Error: [MissingComponentException] Component class ToolbarComponent could not be found.
Exception Attributes: array (
  'class' => 'ToolbarComponent',
  'plugin' => 'DebugKit',
)
Request URL: /
Stack Trace:
#0 /Users/Uesato/Sites/lib/Cake/Controller/ComponentCollection.php(53): ComponentCollection->load('DebugKit.Toolba...', Array)
#1 /Users/Uesato/Sites/lib/Cake/Controller/Controller.php(643): ComponentCollection->init(Object(PagesController))
#2 /Users/Uesato/Sites/lib/Cake/Routing/Dispatcher.php(188): Controller->constructClasses()
#3 /Users/Uesato/Sites/lib/Cake/Routing/Dispatcher.php(167): Dispatcher->_invoke(Object(PagesController), Object(CakeRequest))
#4 /Users/Uesato/Sites/app/webroot/index.php(118): Dispatcher->dispatch(Object(CakeRequest), Object(CakeResponse))
#5 {main}
2015-08-26 07:29:14 Error: Fatal Error (1): Call to a member function set() on null in [/Users/Uesato/Sites/app/Controller/TopicsController.php, line 17]
2015-08-26 07:29:14 Error: [FatalErrorException] Call to a member function set() on null
Request URL: /topics/add
Stack Trace:
#0 /Users/Uesato/Sites/lib/Cake/Error/ErrorHandler.php(213): ErrorHandler::handleFatalError(1, 'Call to a membe...', '/Users/Uesato/S...', 17)
#1 [internal function]: ErrorHandler::handleError(1, 'Call to a membe...', '/Users/Uesato/S...', 17, Array)
#2 /Users/Uesato/Sites/lib/Cake/Core/App.php(933): call_user_func('ErrorHandler::h...', 1, 'Call to a membe...', '/Users/Uesato/S...', 17, Array)
#3 /Users/Uesato/Sites/lib/Cake/Core/App.php(906): App::_checkFatalError()
#4 [internal function]: App::shutdown()
#5 {main}
2015-08-26 07:29:39 Error: Fatal Error (1): Call to a member function set() on null in [/Users/Uesato/Sites/app/Controller/TopicsController.php, line 17]
2015-08-26 07:29:39 Error: [FatalErrorException] Call to a member function set() on null
Request URL: /topics/add
Stack Trace:
#0 /Users/Uesato/Sites/lib/Cake/Error/ErrorHandler.php(213): ErrorHandler::handleFatalError(1, 'Call to a membe...', '/Users/Uesato/S...', 17)
#1 [internal function]: ErrorHandler::handleError(1, 'Call to a membe...', '/Users/Uesato/S...', 17, Array)
#2 /Users/Uesato/Sites/lib/Cake/Core/App.php(933): call_user_func('ErrorHandler::h...', 1, 'Call to a membe...', '/Users/Uesato/S...', 17, Array)
#3 /Users/Uesato/Sites/lib/Cake/Core/App.php(906): App::_checkFatalError()
#4 [internal function]: App::shutdown()
#5 {main}
2015-08-26 07:32:08 Error: Fatal Error (1): Call to a member function set() on null in [/Users/Uesato/Sites/app/Controller/TopicsController.php, line 17]
2015-08-26 07:32:08 Error: [FatalErrorException] Call to a member function set() on null
Request URL: /topics/add
Stack Trace:
#0 /Users/Uesato/Sites/lib/Cake/Error/ErrorHandler.php(213): ErrorHandler::handleFatalError(1, 'Call to a membe...', '/Users/Uesato/S...', 17)
#1 [internal function]: ErrorHandler::handleError(1, 'Call to a membe...', '/Users/Uesato/S...', 17, Array)
#2 /Users/Uesato/Sites/lib/Cake/Core/App.php(933): call_user_func('ErrorHandler::h...', 1, 'Call to a membe...', '/Users/Uesato/S...', 17, Array)
#3 /Users/Uesato/Sites/lib/Cake/Core/App.php(906): App::_checkFatalError()
#4 [internal function]: App::shutdown()
#5 {main}
2015-08-26 07:48:52 Error: [MissingHelperException] Helper class blogHelper could not be found.
Exception Attributes: array (
  'class' => 'blogHelper',
  'plugin' => false,
)
Request URL: /topics/index
Stack Trace:
#0 /Users/Uesato/Sites/lib/Cake/View/HelperCollection.php(63): HelperCollection->load('blog')
#1 /Users/Uesato/Sites/lib/Cake/View/View.php(858): HelperCollection->__isset('blog')
#2 /Users/Uesato/Sites/app/View/Topics/index.ctp(2): View->__get('blog')
#3 /Users/Uesato/Sites/lib/Cake/View/View.php(971): include('/Users/Uesato/S...')
#4 /Users/Uesato/Sites/lib/Cake/View/View.php(933): View->_evaluate('/Users/Uesato/S...', Array)
#5 /Users/Uesato/Sites/lib/Cake/View/View.php(473): View->_render('/Users/Uesato/S...')
#6 /Users/Uesato/Sites/lib/Cake/Controller/Controller.php(960): View->render(NULL, NULL)
#7 /Users/Uesato/Sites/lib/Cake/Routing/Dispatcher.php(200): Controller->render()
#8 /Users/Uesato/Sites/lib/Cake/Routing/Dispatcher.php(167): Dispatcher->_invoke(Object(TopicsController), Object(CakeRequest))
#9 /Users/Uesato/Sites/app/webroot/index.php(118): Dispatcher->dispatch(Object(CakeRequest), Object(CakeResponse))
#10 {main}
2015-08-26 09:13:12 Error: [MissingActionException] Action TopicsController::view() could not be found.
Exception Attributes: array (
  'controller' => 'TopicsController',
  'action' => 'view',
)
Request URL: /topics/view/1
Stack Trace:
#0 /Users/Uesato/Sites/lib/Cake/Routing/Dispatcher.php(193): Controller->invokeAction(Object(CakeRequest))
#1 /Users/Uesato/Sites/lib/Cake/Routing/Dispatcher.php(167): Dispatcher->_invoke(Object(TopicsController), Object(CakeRequest))
#2 /Users/Uesato/Sites/app/webroot/index.php(118): Dispatcher->dispatch(Object(CakeRequest), Object(CakeResponse))
#3 {main}
2015-08-26 09:38:44 Error: [MissingViewException] View file "Topics/edit.ctp" is missing.
Exception Attributes: array (
  'file' => 'Topics/edit.ctp',
)
Request URL: /topics/edit/1
Stack Trace:
#0 /Users/Uesato/Sites/lib/Cake/View/View.php(470): View->_getViewFileName(NULL)
#1 /Users/Uesato/Sites/lib/Cake/Controller/Controller.php(960): View->render(NULL, NULL)
#2 /Users/Uesato/Sites/lib/Cake/Routing/Dispatcher.php(200): Controller->render()
#3 /Users/Uesato/Sites/lib/Cake/Routing/Dispatcher.php(167): Dispatcher->_invoke(Object(TopicsController), Object(CakeRequest))
#4 /Users/Uesato/Sites/app/webroot/index.php(118): Dispatcher->dispatch(Object(CakeRequest), Object(CakeResponse))
#5 {main}
2015-08-26 10:09:35 Error: Fatal Error (4): syntax error, unexpected '?>', expecting function (T_FUNCTION) in [/Users/Uesato/Sites/app/Controller/TopicsController.php, line 59]
2015-08-26 10:09:35 Error: [FatalErrorException] syntax error, unexpected '?>', expecting function (T_FUNCTION)
Request URL: /topics/index
Stack Trace:
#0 /Users/Uesato/Sites/lib/Cake/Error/ErrorHandler.php(213): ErrorHandler::handleFatalError(4, 'syntax error, u...', '/Users/Uesato/S...', 59)
#1 [internal function]: ErrorHandler::handleError(4, 'syntax error, u...', '/Users/Uesato/S...', 59, Array)
#2 /Users/Uesato/Sites/lib/Cake/Core/App.php(933): call_user_func('ErrorHandler::h...', 4, 'syntax error, u...', '/Users/Uesato/S...', 59, Array)
#3 /Users/Uesato/Sites/lib/Cake/Core/App.php(906): App::_checkFatalError()
#4 [internal function]: App::shutdown()
#5 {main}
2015-08-26 11:02:51 Error: [MissingControllerException] Controller class PostsController could not be found.
Exception Attributes: array (
  'class' => 'PostsController',
  'plugin' => NULL,
)
Request URL: /posts/add
Stack Trace:
#0 /Users/Uesato/Sites/app/webroot/index.php(118): Dispatcher->dispatch(Object(CakeRequest), Object(CakeResponse))
#1 {main}
2015-08-26 11:13:25 Error: [MissingActionException] Action PostsController::view() could not be found.
Exception Attributes: array (
  'controller' => 'PostsController',
  'action' => 'view',
)
Request URL: /posts/view/My%20first%20post
Stack Trace:
#0 /Users/Uesato/Sites/lib/Cake/Routing/Dispatcher.php(193): Controller->invokeAction(Object(CakeRequest))
#1 /Users/Uesato/Sites/lib/Cake/Routing/Dispatcher.php(167): Dispatcher->_invoke(Object(PostsController), Object(CakeRequest))
#2 /Users/Uesato/Sites/app/webroot/index.php(118): Dispatcher->dispatch(Object(CakeRequest), Object(CakeResponse))
#3 {main}
2015-08-26 12:17:23 Error: [MissingActionException] Action PostsController::edit() could not be found.
Exception Attributes: array (
  'controller' => 'PostsController',
  'action' => 'edit',
)
Request URL: /posts/edit/1
Stack Trace:
#0 /Users/Uesato/Sites/lib/Cake/Routing/Dispatcher.php(193): Controller->invokeAction(Object(CakeRequest))
#1 /Users/Uesato/Sites/lib/Cake/Routing/Dispatcher.php(167): Dispatcher->_invoke(Object(PostsController), Object(CakeRequest))
#2 /Users/Uesato/Sites/app/webroot/index.php(118): Dispatcher->dispatch(Object(CakeRequest), Object(CakeResponse))
#3 {main}
2015-08-26 12:19:55 Error: [MissingViewException] View file "Posts/edit.ctp" is missing.
Exception Attributes: array (
  'file' => 'Posts/edit.ctp',
)
Request URL: /posts/edit/1
Stack Trace:
#0 /Users/Uesato/Sites/lib/Cake/View/View.php(470): View->_getViewFileName(NULL)
#1 /Users/Uesato/Sites/lib/Cake/Controller/Controller.php(960): View->render(NULL, NULL)
#2 /Users/Uesato/Sites/lib/Cake/Routing/Dispatcher.php(200): Controller->render()
#3 /Users/Uesato/Sites/lib/Cake/Routing/Dispatcher.php(167): Dispatcher->_invoke(Object(PostsController), Object(CakeRequest))
#4 /Users/Uesato/Sites/app/webroot/index.php(118): Dispatcher->dispatch(Object(CakeRequest), Object(CakeResponse))
#5 {main}
2015-08-26 15:11:54 Error: [MissingControllerException] Controller class UserController could not be found.
Exception Attributes: array (
  'class' => 'UserController',
  'plugin' => NULL,
)
Request URL: /user
Stack Trace:
#0 /Users/Uesato/Sites/app/webroot/index.php(118): Dispatcher->dispatch(Object(CakeRequest), Object(CakeResponse))
#1 {main}
2015-08-26 15:33:10 Error: [MissingComponentException] Component class ToolbarComponent could not be found.
Exception Attributes: array (
  'class' => 'ToolbarComponent',
  'plugin' => 'DebugKit',
)
Request URL: /users
Stack Trace:
#0 /Users/Uesato/Sites/lib/Cake/Controller/ComponentCollection.php(53): ComponentCollection->load('DebugKit.Toolba...', Array)
#1 /Users/Uesato/Sites/lib/Cake/Controller/Controller.php(643): ComponentCollection->init(Object(UsersController))
#2 /Users/Uesato/Sites/lib/Cake/Routing/Dispatcher.php(188): Controller->constructClasses()
#3 /Users/Uesato/Sites/lib/Cake/Routing/Dispatcher.php(167): Dispatcher->_invoke(Object(UsersController), Object(CakeRequest))
#4 /Users/Uesato/Sites/app/webroot/index.php(118): Dispatcher->dispatch(Object(CakeRequest), Object(CakeResponse))
#5 {main}
2015-08-26 15:33:22 Error: [MissingComponentException] Component class DebugKitComponent could not be found.
Exception Attributes: array (
  'class' => 'DebugKitComponent',
  'plugin' => false,
)
Request URL: /users
Stack Trace:
#0 /Users/Uesato/Sites/lib/Cake/Controller/ComponentCollection.php(53): ComponentCollection->load('DebugKit', Array)
#1 /Users/Uesato/Sites/lib/Cake/Controller/Controller.php(643): ComponentCollection->init(Object(UsersController))
#2 /Users/Uesato/Sites/lib/Cake/Routing/Dispatcher.php(188): Controller->constructClasses()
#3 /Users/Uesato/Sites/lib/Cake/Routing/Dispatcher.php(167): Dispatcher->_invoke(Object(UsersController), Object(CakeRequest))
#4 /Users/Uesato/Sites/app/webroot/index.php(118): Dispatcher->dispatch(Object(CakeRequest), Object(CakeResponse))
#5 {main}
2015-08-26 15:39:47 Error: Fatal Error (1): Call to a member function success() on null in [/Users/Uesato/Sites/app/Controller/UsersController.php, line 64]
2015-08-26 15:39:47 Error: [FatalErrorException] Call to a member function success() on null
Request URL: /users/add
Stack Trace:
#0 /Users/Uesato/Sites/lib/Cake/Error/ErrorHandler.php(213): ErrorHandler::handleFatalError(1, 'Call to a membe...', '/Users/Uesato/S...', 64)
#1 [internal function]: ErrorHandler::handleError(1, 'Call to a membe...', '/Users/Uesato/S...', 64, Array)
#2 /Users/Uesato/Sites/lib/Cake/Core/App.php(933): call_user_func('ErrorHandler::h...', 1, 'Call to a membe...', '/Users/Uesato/S...', 64, Array)
#3 /Users/Uesato/Sites/lib/Cake/Core/App.php(906): App::_checkFatalError()
#4 [internal function]: App::shutdown()
#5 {main}
2015-08-26 15:57:11 Error: Fatal Error (1): Call to a member function render() on null in [/Users/Uesato/Sites/app/View/Layouts/default.ctp, line 45]
2015-08-26 15:57:11 Error: [FatalErrorException] Call to a member function render() on null
Request URL: /users/add
Stack Trace:
#0 /Users/Uesato/Sites/lib/Cake/Error/ErrorHandler.php(213): ErrorHandler::handleFatalError(1, 'Call to a membe...', '/Users/Uesato/S...', 45)
#1 [internal function]: ErrorHandler::handleError(1, 'Call to a membe...', '/Users/Uesato/S...', 45, Array)
#2 /Users/Uesato/Sites/lib/Cake/Core/App.php(933): call_user_func('ErrorHandler::h...', 1, 'Call to a membe...', '/Users/Uesato/S...', 45, Array)
#3 /Users/Uesato/Sites/lib/Cake/Core/App.php(906): App::_checkFatalError()
#4 [internal function]: App::shutdown()
#5 {main}
2015-08-26 17:20:17 Error: [PDOException] SQLSTATE[42S22]: Column not found: 1054 Unknown column 'User.username' in 'where clause'
Request URL: /users/login
Stack Trace:
#0 /Users/Uesato/Sites/lib/Cake/Model/Datasource/DboSource.php(461): PDOStatement->execute(Array)
#1 /Users/Uesato/Sites/lib/Cake/Model/Datasource/DboSource.php(427): DboSource->_execute('SELECT `User`.`...', Array)
#2 /Users/Uesato/Sites/lib/Cake/Model/Datasource/DboSource.php(669): DboSource->execute('SELECT `User`.`...', Array, Array)
#3 /Users/Uesato/Sites/lib/Cake/Model/Datasource/DboSource.php(1114): DboSource->fetchAll('SELECT `User`.`...', false)
#4 /Users/Uesato/Sites/lib/Cake/Model/Model.php(3026): DboSource->read(Object(User), Array)
#5 /Users/Uesato/Sites/lib/Cake/Model/Model.php(2998): Model->_readDataSource('first', Array)
#6 /Users/Uesato/Sites/lib/Cake/Controller/Component/Auth/BaseAuthenticate.php(130): Model->find('first', Array)
#7 /Users/Uesato/Sites/lib/Cake/Controller/Component/Auth/FormAuthenticate.php(79): BaseAuthenticate->_findUser('test', 'test')
#8 /Users/Uesato/Sites/lib/Cake/Controller/Component/AuthComponent.php(764): FormAuthenticate->authenticate(Object(CakeRequest), Object(CakeResponse))
#9 /Users/Uesato/Sites/lib/Cake/Controller/Component/AuthComponent.php(609): AuthComponent->identify(Object(CakeRequest), Object(CakeResponse))
#10 /Users/Uesato/Sites/app/Controller/UsersController.php(35): AuthComponent->login()
#11 [internal function]: UsersController->login()
#12 /Users/Uesato/Sites/lib/Cake/Controller/Controller.php(490): ReflectionMethod->invokeArgs(Object(UsersController), Array)
#13 /Users/Uesato/Sites/lib/Cake/Routing/Dispatcher.php(193): Controller->invokeAction(Object(CakeRequest))
#14 /Users/Uesato/Sites/lib/Cake/Routing/Dispatcher.php(167): Dispatcher->_invoke(Object(UsersController), Object(CakeRequest))
#15 /Users/Uesato/Sites/app/webroot/index.php(118): Dispatcher->dispatch(Object(CakeRequest), Object(CakeResponse))
#16 {main}
2015-08-26 17:21:06 Error: [PDOException] SQLSTATE[42S22]: Column not found: 1054 Unknown column 'User.username' in 'where clause'
Request URL: /users/login
Stack Trace:
#0 /Users/Uesato/Sites/lib/Cake/Model/Datasource/DboSource.php(461): PDOStatement->execute(Array)
#1 /Users/Uesato/Sites/lib/Cake/Model/Datasource/DboSource.php(427): DboSource->_execute('SELECT `User`.`...', Array)
#2 /Users/Uesato/Sites/lib/Cake/Model/Datasource/DboSource.php(669): DboSource->execute('SELECT `User`.`...', Array, Array)
#3 /Users/Uesato/Sites/lib/Cake/Model/Datasource/DboSource.php(1114): DboSource->fetchAll('SELECT `User`.`...', false)
#4 /Users/Uesato/Sites/lib/Cake/Model/Model.php(3026): DboSource->read(Object(User), Array)
#5 /Users/Uesato/Sites/lib/Cake/Model/Model.php(2998): Model->_readDataSource('first', Array)
#6 /Users/Uesato/Sites/lib/Cake/Controller/Component/Auth/BaseAuthenticate.php(130): Model->find('first', Array)
#7 /Users/Uesato/Sites/lib/Cake/Controller/Component/Auth/FormAuthenticate.php(79): BaseAuthenticate->_findUser('test', 'test')
#8 /Users/Uesato/Sites/lib/Cake/Controller/Component/AuthComponent.php(764): FormAuthenticate->authenticate(Object(CakeRequest), Object(CakeResponse))
#9 /Users/Uesato/Sites/lib/Cake/Controller/Component/AuthComponent.php(609): AuthComponent->identify(Object(CakeRequest), Object(CakeResponse))
#10 /Users/Uesato/Sites/app/Controller/UsersController.php(35): AuthComponent->login()
#11 [internal function]: UsersController->login()
#12 /Users/Uesato/Sites/lib/Cake/Controller/Controller.php(490): ReflectionMethod->invokeArgs(Object(UsersController), Array)
#13 /Users/Uesato/Sites/lib/Cake/Routing/Dispatcher.php(193): Controller->invokeAction(Object(CakeRequest))
#14 /Users/Uesato/Sites/lib/Cake/Routing/Dispatcher.php(167): Dispatcher->_invoke(Object(UsersController), Object(CakeRequest))
#15 /Users/Uesato/Sites/app/webroot/index.php(118): Dispatcher->dispatch(Object(CakeRequest), Object(CakeResponse))
#16 {main}
2015-08-26 17:24:53 Error: Fatal Error (1): Call to undefined method SessionComponent::setFlas() in [/Users/Uesato/Sites/app/Controller/UsersController.php, line 38]
2015-08-26 17:24:53 Error: [FatalErrorException] Call to undefined method SessionComponent::setFlas()
Request URL: /users/login
Stack Trace:
#0 /Users/Uesato/Sites/lib/Cake/Error/ErrorHandler.php(213): ErrorHandler::handleFatalError(1, 'Call to undefin...', '/Users/Uesato/S...', 38)
#1 [internal function]: ErrorHandler::handleError(1, 'Call to undefin...', '/Users/Uesato/S...', 38, Array)
#2 /Users/Uesato/Sites/lib/Cake/Core/App.php(933): call_user_func('ErrorHandler::h...', 1, 'Call to undefin...', '/Users/Uesato/S...', 38, Array)
#3 /Users/Uesato/Sites/lib/Cake/Core/App.php(906): App::_checkFatalError()
#4 [internal function]: App::shutdown()
#5 {main}
2015-08-28 22:20:28 Error: Fatal Error (1): Call to a member function allow() on null in [/Users/Uesato/Sites/app/Controller/UsersController.php, line 31]
2015-08-28 22:20:28 Error: [FatalErrorException] Call to a member function allow() on null
Request URL: /users/add
Stack Trace:
#0 /Users/Uesato/Sites/lib/Cake/Error/ErrorHandler.php(213): ErrorHandler::handleFatalError(1, 'Call to a membe...', '/Users/Uesato/S...', 31)
#1 [internal function]: ErrorHandler::handleError(1, 'Call to a membe...', '/Users/Uesato/S...', 31, Array)
#2 /Users/Uesato/Sites/lib/Cake/Core/App.php(933): call_user_func('ErrorHandler::h...', 1, 'Call to a membe...', '/Users/Uesato/S...', 31, Array)
#3 /Users/Uesato/Sites/lib/Cake/Core/App.php(906): App::_checkFatalError()
#4 [internal function]: App::shutdown()
#5 {main}
2015-08-28 23:10:54 Error: [PDOException] SQLSTATE[42S22]: Column not found: 1054 Unknown column 'User.username' in 'where clause'
Request URL: /users/login
Stack Trace:
#0 /Users/Uesato/Sites/lib/Cake/Model/Datasource/DboSource.php(461): PDOStatement->execute(Array)
#1 /Users/Uesato/Sites/lib/Cake/Model/Datasource/DboSource.php(427): DboSource->_execute('SELECT `User`.`...', Array)
#2 /Users/Uesato/Sites/lib/Cake/Model/Datasource/DboSource.php(669): DboSource->execute('SELECT `User`.`...', Array, Array)
#3 /Users/Uesato/Sites/lib/Cake/Model/Datasource/DboSource.php(1114): DboSource->fetchAll('SELECT `User`.`...', false)
#4 /Users/Uesato/Sites/lib/Cake/Model/Model.php(3026): DboSource->read(Object(User), Array)
#5 /Users/Uesato/Sites/lib/Cake/Model/Model.php(2998): Model->_readDataSource('first', Array)
#6 /Users/Uesato/Sites/lib/Cake/Controller/Component/Auth/BaseAuthenticate.php(130): Model->find('first', Array)
#7 /Users/Uesato/Sites/lib/Cake/Controller/Component/Auth/FormAuthenticate.php(79): BaseAuthenticate->_findUser('master1', 'master1')
#8 /Users/Uesato/Sites/lib/Cake/Controller/Component/AuthComponent.php(764): FormAuthenticate->authenticate(Object(CakeRequest), Object(CakeResponse))
#9 /Users/Uesato/Sites/lib/Cake/Controller/Component/AuthComponent.php(609): AuthComponent->identify(Object(CakeRequest), Object(CakeResponse))
#10 /Users/Uesato/Sites/app/Controller/UsersController.php(36): AuthComponent->login()
#11 [internal function]: UsersController->login()
#12 /Users/Uesato/Sites/lib/Cake/Controller/Controller.php(490): ReflectionMethod->invokeArgs(Object(UsersController), Array)
#13 /Users/Uesato/Sites/lib/Cake/Routing/Dispatcher.php(193): Controller->invokeAction(Object(CakeRequest))
#14 /Users/Uesato/Sites/lib/Cake/Routing/Dispatcher.php(167): Dispatcher->_invoke(Object(UsersController), Object(CakeRequest))
#15 /Users/Uesato/Sites/app/webroot/index.php(118): Dispatcher->dispatch(Object(CakeRequest), Object(CakeResponse))
#16 {main}
2015-08-29 19:18:35 Error: [MissingViewException] View file "Topics/delete.ctp" is missing.
Exception Attributes: array (
  'file' => 'Topics/delete.ctp',
)
Request URL: /topics/delete/10
Stack Trace:
#0 /Users/Uesato/Sites/lib/Cake/View/View.php(470): View->_getViewFileName(NULL)
#1 /Users/Uesato/Sites/lib/Cake/Controller/Controller.php(960): View->render(NULL, NULL)
#2 /Users/Uesato/Sites/lib/Cake/Routing/Dispatcher.php(200): Controller->render()
#3 /Users/Uesato/Sites/lib/Cake/Routing/Dispatcher.php(167): Dispatcher->_invoke(Object(TopicsController), Object(CakeRequest))
#4 /Users/Uesato/Sites/app/webroot/index.php(118): Dispatcher->dispatch(Object(CakeRequest), Object(CakeResponse))
#5 {main}
2015-08-29 21:35:19 Error: Fatal Error (1): Call to undefined method View::getRoleNameById() in [/Users/Uesato/Sites/app/View/Users/index.ctp, line 25]
2015-08-29 21:35:19 Error: [FatalErrorException] Call to undefined method View::getRoleNameById()
Request URL: /users
Stack Trace:
#0 /Users/Uesato/Sites/lib/Cake/Error/ErrorHandler.php(213): ErrorHandler::handleFatalError(1, 'Call to undefin...', '/Users/Uesato/S...', 25)
#1 [internal function]: ErrorHandler::handleError(1, 'Call to undefin...', '/Users/Uesato/S...', 25, Array)
#2 /Users/Uesato/Sites/lib/Cake/Core/App.php(933): call_user_func('ErrorHandler::h...', 1, 'Call to undefin...', '/Users/Uesato/S...', 25, Array)
#3 /Users/Uesato/Sites/lib/Cake/Core/App.php(906): App::_checkFatalError()
#4 [internal function]: App::shutdown()
#5 {main}
2015-08-29 21:36:52 Error: Fatal Error (1): Cannot use object of type UsersController as array in [/Users/Uesato/Sites/app/View/Users/index.ctp, line 27]
2015-08-29 21:36:52 Error: [FatalErrorException] Cannot use object of type UsersController as array
Request URL: /users
Stack Trace:
#0 /Users/Uesato/Sites/lib/Cake/Error/ErrorHandler.php(213): ErrorHandler::handleFatalError(1, 'Cannot use obje...', '/Users/Uesato/S...', 27)
#1 [internal function]: ErrorHandler::handleError(1, 'Cannot use obje...', '/Users/Uesato/S...', 27, Array)
#2 /Users/Uesato/Sites/lib/Cake/Core/App.php(933): call_user_func('ErrorHandler::h...', 1, 'Cannot use obje...', '/Users/Uesato/S...', 27, Array)
#3 /Users/Uesato/Sites/lib/Cake/Core/App.php(906): App::_checkFatalError()
#4 [internal function]: App::shutdown()
#5 {main}
2015-08-30 19:17:14 Error: [MissingActionException] Action PagesController::index() could not be found.
Exception Attributes: array (
  'controller' => 'PagesController',
  'action' => 'index',
)
Request URL: /
Stack Trace:
#0 /Users/Uesato/Sites/lib/Cake/Routing/Dispatcher.php(193): Controller->invokeAction(Object(CakeRequest))
#1 /Users/Uesato/Sites/lib/Cake/Routing/Dispatcher.php(167): Dispatcher->_invoke(Object(PagesController), Object(CakeRequest))
#2 /Users/Uesato/Sites/app/webroot/index.php(118): Dispatcher->dispatch(Object(CakeRequest), Object(CakeResponse))
#3 {main}
2015-08-30 19:17:25 Error: [MissingActionException] Action PagesController::home() could not be found.
Exception Attributes: array (
  'controller' => 'PagesController',
  'action' => 'home',
)
Request URL: /
Stack Trace:
#0 /Users/Uesato/Sites/lib/Cake/Routing/Dispatcher.php(193): Controller->invokeAction(Object(CakeRequest))
#1 /Users/Uesato/Sites/lib/Cake/Routing/Dispatcher.php(167): Dispatcher->_invoke(Object(PagesController), Object(CakeRequest))
#2 /Users/Uesato/Sites/app/webroot/index.php(118): Dispatcher->dispatch(Object(CakeRequest), Object(CakeResponse))
#3 {main}
2015-08-30 19:43:47 Error: Fatal Error (4): syntax error, unexpected 'if' (T_IF) in [/Users/Uesato/Sites/app/View/Layouts/default.ctp, line 63]
2015-08-30 19:43:47 Error: [FatalErrorException] syntax error, unexpected 'if' (T_IF)
Request URL: /
Stack Trace:
#0 /Users/Uesato/Sites/lib/Cake/Error/ErrorHandler.php(213): ErrorHandler::handleFatalError(4, 'syntax error, u...', '/Users/Uesato/S...', 63)
#1 [internal function]: ErrorHandler::handleError(4, 'syntax error, u...', '/Users/Uesato/S...', 63, Array)
#2 /Users/Uesato/Sites/lib/Cake/Core/App.php(933): call_user_func('ErrorHandler::h...', 4, 'syntax error, u...', '/Users/Uesato/S...', 63, Array)
#3 /Users/Uesato/Sites/lib/Cake/Core/App.php(906): App::_checkFatalError()
#4 [internal function]: App::shutdown()
#5 {main}
2015-08-30 23:11:36 Error: [MissingControllerException] Controller class Docs-assetsController could not be found.
Exception Attributes: array (
  'class' => 'Docs-assetsController',
  'plugin' => NULL,
)
Request URL: /docs-assets/ico/favicon.png
Stack Trace:
#0 /Users/Uesato/Sites/app/webroot/index.php(118): Dispatcher->dispatch(Object(CakeRequest), Object(CakeResponse))
#1 {main}
2015-08-30 23:40:31 Error: Fatal Error (1): Class 'UsersController' not found in [/Users/Uesato/Sites/app/View/Pages/index.ctp, line 46]
2015-08-30 23:40:31 Error: [FatalErrorException] Class 'UsersController' not found
Request URL: /
Stack Trace:
#0 /Users/Uesato/Sites/lib/Cake/Error/ErrorHandler.php(213): ErrorHandler::handleFatalError(1, 'Class 'UsersCon...', '/Users/Uesato/S...', 46)
#1 [internal function]: ErrorHandler::handleError(1, 'Class 'UsersCon...', '/Users/Uesato/S...', 46, Array)
#2 /Users/Uesato/Sites/lib/Cake/Core/App.php(933): call_user_func('ErrorHandler::h...', 1, 'Class 'UsersCon...', '/Users/Uesato/S...', 46, Array)
#3 /Users/Uesato/Sites/lib/Cake/Core/App.php(906): App::_checkFatalError()
#4 [internal function]: App::shutdown()
#5 {main}
2015-08-30 23:41:14 Error: Fatal Error (1): Call to undefined method UsersController::find() in [/Users/Uesato/Sites/app/Controller/UsersController.php, line 167]
2015-08-30 23:41:14 Error: [FatalErrorException] Call to undefined method UsersController::find()
Request URL: /
Stack Trace:
#0 /Users/Uesato/Sites/lib/Cake/Error/ErrorHandler.php(213): ErrorHandler::handleFatalError(1, 'Call to undefin...', '/Users/Uesato/S...', 167)
#1 [internal function]: ErrorHandler::handleError(1, 'Call to undefin...', '/Users/Uesato/S...', 167, Array)
#2 /Users/Uesato/Sites/lib/Cake/Core/App.php(933): call_user_func('ErrorHandler::h...', 1, 'Call to undefin...', '/Users/Uesato/S...', 167, Array)
#3 /Users/Uesato/Sites/lib/Cake/Core/App.php(906): App::_checkFatalError()
#4 [internal function]: App::shutdown()
#5 {main}
2015-08-30 23:52:35 Error: Fatal Error (1): Call to undefined function truncate() in [/Users/Uesato/Sites/app/View/Pages/index.ctp, line 35]
2015-08-30 23:52:35 Error: [FatalErrorException] Call to undefined function truncate()
Request URL: /
Stack Trace:
#0 /Users/Uesato/Sites/lib/Cake/Error/ErrorHandler.php(213): ErrorHandler::handleFatalError(1, 'Call to undefin...', '/Users/Uesato/S...', 35)
#1 [internal function]: ErrorHandler::handleError(1, 'Call to undefin...', '/Users/Uesato/S...', 35, Array)
#2 /Users/Uesato/Sites/lib/Cake/Core/App.php(933): call_user_func('ErrorHandler::h...', 1, 'Call to undefin...', '/Users/Uesato/S...', 35, Array)
#3 /Users/Uesato/Sites/lib/Cake/Core/App.php(906): App::_checkFatalError()
#4 [internal function]: App::shutdown()
#5 {main}
2015-08-30 23:53:01 Error: Fatal Error (1): Class 'String' not found in [/Users/Uesato/Sites/app/View/Pages/index.ctp, line 35]
2015-08-30 23:53:01 Error: [FatalErrorException] Class 'String' not found
Request URL: /
Stack Trace:
#0 /Users/Uesato/Sites/lib/Cake/Error/ErrorHandler.php(213): ErrorHandler::handleFatalError(1, 'Class 'String' ...', '/Users/Uesato/S...', 35)
#1 [internal function]: ErrorHandler::handleError(1, 'Class 'String' ...', '/Users/Uesato/S...', 35, Array)
#2 /Users/Uesato/Sites/lib/Cake/Core/App.php(933): call_user_func('ErrorHandler::h...', 1, 'Class 'String' ...', '/Users/Uesato/S...', 35, Array)
#3 /Users/Uesato/Sites/lib/Cake/Core/App.php(906): App::_checkFatalError()
#4 [internal function]: App::shutdown()
#5 {main}
2015-08-30 23:54:50 Error: [PDOException] SQLSTATE[42000]: Syntax error or access violation: 1064 You have an error in your SQL syntax; check the manual that corresponds to your MySQL server version for the right syntax to use near '== '3'' at line 1
Request URL: /
Stack Trace:
#0 /Users/Uesato/Sites/lib/Cake/Model/Datasource/DboSource.php(461): PDOStatement->execute(Array)
#1 /Users/Uesato/Sites/lib/Cake/Model/Datasource/DboSource.php(427): DboSource->_execute('SELECT `User`.`...', Array)
#2 /Users/Uesato/Sites/lib/Cake/Model/Datasource/DboSource.php(669): DboSource->execute('SELECT `User`.`...', Array, Array)
#3 /Users/Uesato/Sites/lib/Cake/Model/Datasource/DboSource.php(1114): DboSource->fetchAll('SELECT `User`.`...', false)
#4 /Users/Uesato/Sites/lib/Cake/Model/Model.php(3026): DboSource->read(Object(User), Array)
#5 /Users/Uesato/Sites/lib/Cake/Model/Model.php(2998): Model->_readDataSource('all', Array)
#6 /Users/Uesato/Sites/app/Controller/UsersController.php(168): Model->find('all', Array)
#7 /Users/Uesato/Sites/app/View/Pages/index.ctp(36): UsersController->findUsersByRole('3')
#8 /Users/Uesato/Sites/lib/Cake/View/View.php(971): include('/Users/Uesato/S...')
#9 /Users/Uesato/Sites/lib/Cake/View/View.php(933): View->_evaluate('/Users/Uesato/S...', Array)
#10 /Users/Uesato/Sites/lib/Cake/View/View.php(473): View->_render('/Users/Uesato/S...')
#11 /Users/Uesato/Sites/lib/Cake/Controller/Controller.php(960): View->render(NULL, NULL)
#12 /Users/Uesato/Sites/lib/Cake/Routing/Dispatcher.php(200): Controller->render()
#13 /Users/Uesato/Sites/lib/Cake/Routing/Dispatcher.php(167): Dispatcher->_invoke(Object(PagesController), Object(CakeRequest))
#14 /Users/Uesato/Sites/app/webroot/index.php(118): Dispatcher->dispatch(Object(CakeRequest), Object(CakeResponse))
#15 {main}
2015-08-30 23:55:18 Error: [PDOException] SQLSTATE[42000]: Syntax error or access violation: 1064 You have an error in your SQL syntax; check the manual that corresponds to your MySQL server version for the right syntax to use near '== '3'' at line 1
Request URL: /
Stack Trace:
#0 /Users/Uesato/Sites/lib/Cake/Model/Datasource/DboSource.php(461): PDOStatement->execute(Array)
#1 /Users/Uesato/Sites/lib/Cake/Model/Datasource/DboSource.php(427): DboSource->_execute('SELECT `User`.`...', Array)
#2 /Users/Uesato/Sites/lib/Cake/Model/Datasource/DboSource.php(669): DboSource->execute('SELECT `User`.`...', Array, Array)
#3 /Users/Uesato/Sites/lib/Cake/Model/Datasource/DboSource.php(1114): DboSource->fetchAll('SELECT `User`.`...', false)
#4 /Users/Uesato/Sites/lib/Cake/Model/Model.php(3026): DboSource->read(Object(User), Array)
#5 /Users/Uesato/Sites/lib/Cake/Model/Model.php(2998): Model->_readDataSource('all', Array)
#6 /Users/Uesato/Sites/app/Controller/UsersController.php(168): Model->find('all', Array)
#7 /Users/Uesato/Sites/app/View/Pages/index.ctp(36): UsersController->findUsersByRole(3)
#8 /Users/Uesato/Sites/lib/Cake/View/View.php(971): include('/Users/Uesato/S...')
#9 /Users/Uesato/Sites/lib/Cake/View/View.php(933): View->_evaluate('/Users/Uesato/S...', Array)
#10 /Users/Uesato/Sites/lib/Cake/View/View.php(473): View->_render('/Users/Uesato/S...')
#11 /Users/Uesato/Sites/lib/Cake/Controller/Controller.php(960): View->render(NULL, NULL)
#12 /Users/Uesato/Sites/lib/Cake/Routing/Dispatcher.php(200): Controller->render()
#13 /Users/Uesato/Sites/lib/Cake/Routing/Dispatcher.php(167): Dispatcher->_invoke(Object(PagesController), Object(CakeRequest))
#14 /Users/Uesato/Sites/app/webroot/index.php(118): Dispatcher->dispatch(Object(CakeRequest), Object(CakeResponse))
#15 {main}
2015-08-30 23:59:35 Error: [PDOException] SQLSTATE[42000]: Syntax error or access violation: 1064 You have an error in your SQL syntax; check the manual that corresponds to your MySQL server version for the right syntax to use near '== '\'3\''' at line 1
Request URL: /
Stack Trace:
#0 /Users/Uesato/Sites/lib/Cake/Model/Datasource/DboSource.php(461): PDOStatement->execute(Array)
#1 /Users/Uesato/Sites/lib/Cake/Model/Datasource/DboSource.php(427): DboSource->_execute('SELECT `User`.`...', Array)
#2 /Users/Uesato/Sites/lib/Cake/Model/Datasource/DboSource.php(669): DboSource->execute('SELECT `User`.`...', Array, Array)
#3 /Users/Uesato/Sites/lib/Cake/Model/Datasource/DboSource.php(1114): DboSource->fetchAll('SELECT `User`.`...', false)
#4 /Users/Uesato/Sites/lib/Cake/Model/Model.php(3026): DboSource->read(Object(User), Array)
#5 /Users/Uesato/Sites/lib/Cake/Model/Model.php(2998): Model->_readDataSource('all', Array)
#6 /Users/Uesato/Sites/app/Controller/UsersController.php(169): Model->find('all', Array)
#7 /Users/Uesato/Sites/app/View/Pages/index.ctp(36): UsersController->findUsersByRole(3)
#8 /Users/Uesato/Sites/lib/Cake/View/View.php(971): include('/Users/Uesato/S...')
#9 /Users/Uesato/Sites/lib/Cake/View/View.php(933): View->_evaluate('/Users/Uesato/S...', Array)
#10 /Users/Uesato/Sites/lib/Cake/View/View.php(473): View->_render('/Users/Uesato/S...')
#11 /Users/Uesato/Sites/lib/Cake/Controller/Controller.php(960): View->render(NULL, NULL)
#12 /Users/Uesato/Sites/lib/Cake/Routing/Dispatcher.php(200): Controller->render()
#13 /Users/Uesato/Sites/lib/Cake/Routing/Dispatcher.php(167): Dispatcher->_invoke(Object(PagesController), Object(CakeRequest))
#14 /Users/Uesato/Sites/app/webroot/index.php(118): Dispatcher->dispatch(Object(CakeRequest), Object(CakeResponse))
#15 {main}
2015-08-30 23:59:55 Error: [PDOException] SQLSTATE[42000]: Syntax error or access violation: 1064 You have an error in your SQL syntax; check the manual that corresponds to your MySQL server version for the right syntax to use near '== '\\\'3\\\''' at line 1
Request URL: /
Stack Trace:
#0 /Users/Uesato/Sites/lib/Cake/Model/Datasource/DboSource.php(461): PDOStatement->execute(Array)
#1 /Users/Uesato/Sites/lib/Cake/Model/Datasource/DboSource.php(427): DboSource->_execute('SELECT `User`.`...', Array)
#2 /Users/Uesato/Sites/lib/Cake/Model/Datasource/DboSource.php(669): DboSource->execute('SELECT `User`.`...', Array, Array)
#3 /Users/Uesato/Sites/lib/Cake/Model/Datasource/DboSource.php(1114): DboSource->fetchAll('SELECT `User`.`...', false)
#4 /Users/Uesato/Sites/lib/Cake/Model/Model.php(3026): DboSource->read(Object(User), Array)
#5 /Users/Uesato/Sites/lib/Cake/Model/Model.php(2998): Model->_readDataSource('all', Array)
#6 /Users/Uesato/Sites/app/Controller/UsersController.php(169): Model->find('all', Array)
#7 /Users/Uesato/Sites/app/View/Pages/index.ctp(36): UsersController->findUsersByRole(3)
#8 /Users/Uesato/Sites/lib/Cake/View/View.php(971): include('/Users/Uesato/S...')
#9 /Users/Uesato/Sites/lib/Cake/View/View.php(933): View->_evaluate('/Users/Uesato/S...', Array)
#10 /Users/Uesato/Sites/lib/Cake/View/View.php(473): View->_render('/Users/Uesato/S...')
#11 /Users/Uesato/Sites/lib/Cake/Controller/Controller.php(960): View->render(NULL, NULL)
#12 /Users/Uesato/Sites/lib/Cake/Routing/Dispatcher.php(200): Controller->render()
#13 /Users/Uesato/Sites/lib/Cake/Routing/Dispatcher.php(167): Dispatcher->_invoke(Object(PagesController), Object(CakeRequest))
#14 /Users/Uesato/Sites/app/webroot/index.php(118): Dispatcher->dispatch(Object(CakeRequest), Object(CakeResponse))
#15 {main}
2015-08-31 00:00:36 Error: [PDOException] SQLSTATE[42000]: Syntax error or access violation: 1064 You have an error in your SQL syntax; check the manual that corresponds to your MySQL server version for the right syntax to use near '== '\'3\''' at line 1
Request URL: /
Stack Trace:
#0 /Users/Uesato/Sites/lib/Cake/Model/Datasource/DboSource.php(461): PDOStatement->execute(Array)
#1 /Users/Uesato/Sites/lib/Cake/Model/Datasource/DboSource.php(427): DboSource->_execute('SELECT `User`.`...', Array)
#2 /Users/Uesato/Sites/lib/Cake/Model/Datasource/DboSource.php(669): DboSource->execute('SELECT `User`.`...', Array, Array)
#3 /Users/Uesato/Sites/lib/Cake/Model/Datasource/DboSource.php(1114): DboSource->fetchAll('SELECT `User`.`...', false)
#4 /Users/Uesato/Sites/lib/Cake/Model/Model.php(3026): DboSource->read(Object(User), Array)
#5 /Users/Uesato/Sites/lib/Cake/Model/Model.php(2998): Model->_readDataSource('all', Array)
#6 /Users/Uesato/Sites/app/Controller/UsersController.php(169): Model->find('all', Array)
#7 /Users/Uesato/Sites/app/View/Pages/index.ctp(36): UsersController->findUsersByRole(3)
#8 /Users/Uesato/Sites/lib/Cake/View/View.php(971): include('/Users/Uesato/S...')
#9 /Users/Uesato/Sites/lib/Cake/View/View.php(933): View->_evaluate('/Users/Uesato/S...', Array)
#10 /Users/Uesato/Sites/lib/Cake/View/View.php(473): View->_render('/Users/Uesato/S...')
#11 /Users/Uesato/Sites/lib/Cake/Controller/Controller.php(960): View->render(NULL, NULL)
#12 /Users/Uesato/Sites/lib/Cake/Routing/Dispatcher.php(200): Controller->render()
#13 /Users/Uesato/Sites/lib/Cake/Routing/Dispatcher.php(167): Dispatcher->_invoke(Object(PagesController), Object(CakeRequest))
#14 /Users/Uesato/Sites/app/webroot/index.php(118): Dispatcher->dispatch(Object(CakeRequest), Object(CakeResponse))
#15 {main}
2015-08-31 00:00:51 Error: Fatal Error (4): syntax error, unexpected 'all' (T_STRING) in [/Users/Uesato/Sites/app/Controller/UsersController.php, line 168]
2015-08-31 00:00:51 Error: [FatalErrorException] syntax error, unexpected 'all' (T_STRING)
Request URL: /
Stack Trace:
#0 /Users/Uesato/Sites/lib/Cake/Error/ErrorHandler.php(213): ErrorHandler::handleFatalError(4, 'syntax error, u...', '/Users/Uesato/S...', 168)
#1 [internal function]: ErrorHandler::handleError(4, 'syntax error, u...', '/Users/Uesato/S...', 168, Array)
#2 /Users/Uesato/Sites/lib/Cake/Core/App.php(933): call_user_func('ErrorHandler::h...', 4, 'syntax error, u...', '/Users/Uesato/S...', 168, Array)
#3 /Users/Uesato/Sites/lib/Cake/Core/App.php(906): App::_checkFatalError()
#4 [internal function]: App::shutdown()
#5 {main}
2015-08-31 00:01:11 Error: [PDOException] SQLSTATE[42000]: Syntax error or access violation: 1064 You have an error in your SQL syntax; check the manual that corresponds to your MySQL server version for the right syntax to use near '== '\'3\\\"'' at line 1
Request URL: /
Stack Trace:
#0 /Users/Uesato/Sites/lib/Cake/Model/Datasource/DboSource.php(461): PDOStatement->execute(Array)
#1 /Users/Uesato/Sites/lib/Cake/Model/Datasource/DboSource.php(427): DboSource->_execute('SELECT `User`.`...', Array)
#2 /Users/Uesato/Sites/lib/Cake/Model/Datasource/DboSource.php(669): DboSource->execute('SELECT `User`.`...', Array, Array)
#3 /Users/Uesato/Sites/lib/Cake/Model/Datasource/DboSource.php(1114): DboSource->fetchAll('SELECT `User`.`...', false)
#4 /Users/Uesato/Sites/lib/Cake/Model/Model.php(3026): DboSource->read(Object(User), Array)
#5 /Users/Uesato/Sites/lib/Cake/Model/Model.php(2998): Model->_readDataSource('all', Array)
#6 /Users/Uesato/Sites/app/Controller/UsersController.php(169): Model->find('all', Array)
#7 /Users/Uesato/Sites/app/View/Pages/index.ctp(36): UsersController->findUsersByRole(3)
#8 /Users/Uesato/Sites/lib/Cake/View/View.php(971): include('/Users/Uesato/S...')
#9 /Users/Uesato/Sites/lib/Cake/View/View.php(933): View->_evaluate('/Users/Uesato/S...', Array)
#10 /Users/Uesato/Sites/lib/Cake/View/View.php(473): View->_render('/Users/Uesato/S...')
#11 /Users/Uesato/Sites/lib/Cake/Controller/Controller.php(960): View->render(NULL, NULL)
#12 /Users/Uesato/Sites/lib/Cake/Routing/Dispatcher.php(200): Controller->render()
#13 /Users/Uesato/Sites/lib/Cake/Routing/Dispatcher.php(167): Dispatcher->_invoke(Object(PagesController), Object(CakeRequest))
#14 /Users/Uesato/Sites/app/webroot/index.php(118): Dispatcher->dispatch(Object(CakeRequest), Object(CakeResponse))
#15 {main}
2015-08-31 00:06:49 Error: [PDOException] SQLSTATE[42000]: Syntax error or access violation: 1064 You have an error in your SQL syntax; check the manual that corresponds to your MySQL server version for the right syntax to use near '== '3'' at line 1
Request URL: /
Stack Trace:
#0 /Users/Uesato/Sites/lib/Cake/Model/Datasource/DboSource.php(461): PDOStatement->execute(Array)
#1 /Users/Uesato/Sites/lib/Cake/Model/Datasource/DboSource.php(427): DboSource->_execute('SELECT `User`.`...', Array)
#2 /Users/Uesato/Sites/lib/Cake/Model/Datasource/DboSource.php(669): DboSource->execute('SELECT `User`.`...', Array, Array)
#3 /Users/Uesato/Sites/lib/Cake/Model/Datasource/DboSource.php(1114): DboSource->fetchAll('SELECT `User`.`...', false)
#4 /Users/Uesato/Sites/lib/Cake/Model/Model.php(3026): DboSource->read(Object(User), Array)
#5 /Users/Uesato/Sites/lib/Cake/Model/Model.php(2998): Model->_readDataSource('all', Array)
#6 /Users/Uesato/Sites/app/Controller/UsersController.php(170): Model->find('all', Array)
#7 /Users/Uesato/Sites/app/View/Pages/index.ctp(36): UsersController->findUsersByRole(3)
#8 /Users/Uesato/Sites/lib/Cake/View/View.php(971): include('/Users/Uesato/S...')
#9 /Users/Uesato/Sites/lib/Cake/View/View.php(933): View->_evaluate('/Users/Uesato/S...', Array)
#10 /Users/Uesato/Sites/lib/Cake/View/View.php(473): View->_render('/Users/Uesato/S...')
#11 /Users/Uesato/Sites/lib/Cake/Controller/Controller.php(960): View->render(NULL, NULL)
#12 /Users/Uesato/Sites/lib/Cake/Routing/Dispatcher.php(200): Controller->render()
#13 /Users/Uesato/Sites/lib/Cake/Routing/Dispatcher.php(167): Dispatcher->_invoke(Object(PagesController), Object(CakeRequest))
#14 /Users/Uesato/Sites/app/webroot/index.php(118): Dispatcher->dispatch(Object(CakeRequest), Object(CakeResponse))
#15 {main}
2015-08-31 00:09:43 Error: [PDOException] SQLSTATE[42000]: Syntax error or access violation: 1064 You have an error in your SQL syntax; check the manual that corresponds to your MySQL server version for the right syntax to use near '== '\'3\''' at line 1
Request URL: /
Stack Trace:
#0 /Users/Uesato/Sites/lib/Cake/Model/Datasource/DboSource.php(461): PDOStatement->execute(Array)
#1 /Users/Uesato/Sites/lib/Cake/Model/Datasource/DboSource.php(427): DboSource->_execute('SELECT `User`.`...', Array)
#2 /Users/Uesato/Sites/lib/Cake/Model/Datasource/DboSource.php(669): DboSource->execute('SELECT `User`.`...', Array, Array)
#3 /Users/Uesato/Sites/lib/Cake/Model/Datasource/DboSource.php(1114): DboSource->fetchAll('SELECT `User`.`...', false)
#4 /Users/Uesato/Sites/lib/Cake/Model/Model.php(3026): DboSource->read(Object(User), Array)
#5 /Users/Uesato/Sites/lib/Cake/Model/Model.php(2998): Model->_readDataSource('all', Array)
#6 /Users/Uesato/Sites/app/Controller/UsersController.php(171): Model->find('all', Array)
#7 /Users/Uesato/Sites/app/View/Pages/index.ctp(36): UsersController->findUsersByRole(3)
#8 /Users/Uesato/Sites/lib/Cake/View/View.php(971): include('/Users/Uesato/S...')
#9 /Users/Uesato/Sites/lib/Cake/View/View.php(933): View->_evaluate('/Users/Uesato/S...', Array)
#10 /Users/Uesato/Sites/lib/Cake/View/View.php(473): View->_render('/Users/Uesato/S...')
#11 /Users/Uesato/Sites/lib/Cake/Controller/Controller.php(960): View->render(NULL, NULL)
#12 /Users/Uesato/Sites/lib/Cake/Routing/Dispatcher.php(200): Controller->render()
#13 /Users/Uesato/Sites/lib/Cake/Routing/Dispatcher.php(167): Dispatcher->_invoke(Object(PagesController), Object(CakeRequest))
#14 /Users/Uesato/Sites/app/webroot/index.php(118): Dispatcher->dispatch(Object(CakeRequest), Object(CakeResponse))
#15 {main}
2015-08-31 00:10:53 Error: [PDOException] SQLSTATE[42000]: Syntax error or access violation: 1064 You have an error in your SQL syntax; check the manual that corresponds to your MySQL server version for the right syntax to use near '== '' AND  . $role .' at line 1
Request URL: /
Stack Trace:
#0 /Users/Uesato/Sites/lib/Cake/Model/Datasource/DboSource.php(461): PDOStatement->execute(Array)
#1 /Users/Uesato/Sites/lib/Cake/Model/Datasource/DboSource.php(427): DboSource->_execute('SELECT `User`.`...', Array)
#2 /Users/Uesato/Sites/lib/Cake/Model/Datasource/DboSource.php(669): DboSource->execute('SELECT `User`.`...', Array, Array)
#3 /Users/Uesato/Sites/lib/Cake/Model/Datasource/DboSource.php(1114): DboSource->fetchAll('SELECT `User`.`...', false)
#4 /Users/Uesato/Sites/lib/Cake/Model/Model.php(3026): DboSource->read(Object(User), Array)
#5 /Users/Uesato/Sites/lib/Cake/Model/Model.php(2998): Model->_readDataSource('all', Array)
#6 /Users/Uesato/Sites/app/Controller/UsersController.php(171): Model->find('all', Array)
#7 /Users/Uesato/Sites/app/View/Pages/index.ctp(36): UsersController->findUsersByRole(3)
#8 /Users/Uesato/Sites/lib/Cake/View/View.php(971): include('/Users/Uesato/S...')
#9 /Users/Uesato/Sites/lib/Cake/View/View.php(933): View->_evaluate('/Users/Uesato/S...', Array)
#10 /Users/Uesato/Sites/lib/Cake/View/View.php(473): View->_render('/Users/Uesato/S...')
#11 /Users/Uesato/Sites/lib/Cake/Controller/Controller.php(960): View->render(NULL, NULL)
#12 /Users/Uesato/Sites/lib/Cake/Routing/Dispatcher.php(200): Controller->render()
#13 /Users/Uesato/Sites/lib/Cake/Routing/Dispatcher.php(167): Dispatcher->_invoke(Object(PagesController), Object(CakeRequest))
#14 /Users/Uesato/Sites/app/webroot/index.php(118): Dispatcher->dispatch(Object(CakeRequest), Object(CakeResponse))
#15 {main}
2015-08-31 00:11:07 Error: [PDOException] SQLSTATE[42000]: Syntax error or access violation: 1064 You have an error in your SQL syntax; check the manual that corresponds to your MySQL server version for the right syntax to use near '== '%s' AND 3' at line 1
Request URL: /
Stack Trace:
#0 /Users/Uesato/Sites/lib/Cake/Model/Datasource/DboSource.php(461): PDOStatement->execute(Array)
#1 /Users/Uesato/Sites/lib/Cake/Model/Datasource/DboSource.php(427): DboSource->_execute('SELECT `User`.`...', Array)
#2 /Users/Uesato/Sites/lib/Cake/Model/Datasource/DboSource.php(669): DboSource->execute('SELECT `User`.`...', Array, Array)
#3 /Users/Uesato/Sites/lib/Cake/Model/Datasource/DboSource.php(1114): DboSource->fetchAll('SELECT `User`.`...', false)
#4 /Users/Uesato/Sites/lib/Cake/Model/Model.php(3026): DboSource->read(Object(User), Array)
#5 /Users/Uesato/Sites/lib/Cake/Model/Model.php(2998): Model->_readDataSource('all', Array)
#6 /Users/Uesato/Sites/app/Controller/UsersController.php(171): Model->find('all', Array)
#7 /Users/Uesato/Sites/app/View/Pages/index.ctp(36): UsersController->findUsersByRole(3)
#8 /Users/Uesato/Sites/lib/Cake/View/View.php(971): include('/Users/Uesato/S...')
#9 /Users/Uesato/Sites/lib/Cake/View/View.php(933): View->_evaluate('/Users/Uesato/S...', Array)
#10 /Users/Uesato/Sites/lib/Cake/View/View.php(473): View->_render('/Users/Uesato/S...')
#11 /Users/Uesato/Sites/lib/Cake/Controller/Controller.php(960): View->render(NULL, NULL)
#12 /Users/Uesato/Sites/lib/Cake/Routing/Dispatcher.php(200): Controller->render()
#13 /Users/Uesato/Sites/lib/Cake/Routing/Dispatcher.php(167): Dispatcher->_invoke(Object(PagesController), Object(CakeRequest))
#14 /Users/Uesato/Sites/app/webroot/index.php(118): Dispatcher->dispatch(Object(CakeRequest), Object(CakeResponse))
#15 {main}
2015-08-31 00:13:04 Error: [PDOException] SQLSTATE[42000]: Syntax error or access violation: 1064 You have an error in your SQL syntax; check the manual that corresponds to your MySQL server version for the right syntax to use near '== '%s' AND 3' at line 1
Request URL: /
Stack Trace:
#0 /Users/Uesato/Sites/lib/Cake/Model/Datasource/DboSource.php(461): PDOStatement->execute(Array)
#1 /Users/Uesato/Sites/lib/Cake/Model/Datasource/DboSource.php(427): DboSource->_execute('SELECT `User`.`...', Array)
#2 /Users/Uesato/Sites/lib/Cake/Model/Datasource/DboSource.php(669): DboSource->execute('SELECT `User`.`...', Array, Array)
#3 /Users/Uesato/Sites/lib/Cake/Model/Datasource/DboSource.php(1114): DboSource->fetchAll('SELECT `User`.`...', false)
#4 /Users/Uesato/Sites/lib/Cake/Model/Model.php(3026): DboSource->read(Object(User), Array)
#5 /Users/Uesato/Sites/lib/Cake/Model/Model.php(2998): Model->_readDataSource('all', Array)
#6 /Users/Uesato/Sites/app/Controller/UsersController.php(171): Model->find('all', Array)
#7 /Users/Uesato/Sites/app/View/Pages/index.ctp(36): UsersController->findUsersByRole(3)
#8 /Users/Uesato/Sites/lib/Cake/View/View.php(971): include('/Users/Uesato/S...')
#9 /Users/Uesato/Sites/lib/Cake/View/View.php(933): View->_evaluate('/Users/Uesato/S...', Array)
#10 /Users/Uesato/Sites/lib/Cake/View/View.php(473): View->_render('/Users/Uesato/S...')
#11 /Users/Uesato/Sites/lib/Cake/Controller/Controller.php(960): View->render(NULL, NULL)
#12 /Users/Uesato/Sites/lib/Cake/Routing/Dispatcher.php(200): Controller->render()
#13 /Users/Uesato/Sites/lib/Cake/Routing/Dispatcher.php(167): Dispatcher->_invoke(Object(PagesController), Object(CakeRequest))
#14 /Users/Uesato/Sites/app/webroot/index.php(118): Dispatcher->dispatch(Object(CakeRequest), Object(CakeResponse))
#15 {main}
2015-08-31 00:13:55 Error: [PDOException] SQLSTATE[42000]: Syntax error or access violation: 1064 You have an error in your SQL syntax; check the manual that corresponds to your MySQL server version for the right syntax to use near '== AND 3' at line 1
Request URL: /
Stack Trace:
#0 /Users/Uesato/Sites/lib/Cake/Model/Datasource/DboSource.php(461): PDOStatement->execute(Array)
#1 /Users/Uesato/Sites/lib/Cake/Model/Datasource/DboSource.php(427): DboSource->_execute('SELECT `User`.`...', Array)
#2 /Users/Uesato/Sites/lib/Cake/Model/Datasource/DboSource.php(669): DboSource->execute('SELECT `User`.`...', Array, Array)
#3 /Users/Uesato/Sites/lib/Cake/Model/Datasource/DboSource.php(1114): DboSource->fetchAll('SELECT `User`.`...', false)
#4 /Users/Uesato/Sites/lib/Cake/Model/Model.php(3026): DboSource->read(Object(User), Array)
#5 /Users/Uesato/Sites/lib/Cake/Model/Model.php(2998): Model->_readDataSource('all', Array)
#6 /Users/Uesato/Sites/app/Controller/UsersController.php(171): Model->find('all', Array)
#7 /Users/Uesato/Sites/app/View/Pages/index.ctp(36): UsersController->findUsersByRole(3)
#8 /Users/Uesato/Sites/lib/Cake/View/View.php(971): include('/Users/Uesato/S...')
#9 /Users/Uesato/Sites/lib/Cake/View/View.php(933): View->_evaluate('/Users/Uesato/S...', Array)
#10 /Users/Uesato/Sites/lib/Cake/View/View.php(473): View->_render('/Users/Uesato/S...')
#11 /Users/Uesato/Sites/lib/Cake/Controller/Controller.php(960): View->render(NULL, NULL)
#12 /Users/Uesato/Sites/lib/Cake/Routing/Dispatcher.php(200): Controller->render()
#13 /Users/Uesato/Sites/lib/Cake/Routing/Dispatcher.php(167): Dispatcher->_invoke(Object(PagesController), Object(CakeRequest))
#14 /Users/Uesato/Sites/app/webroot/index.php(118): Dispatcher->dispatch(Object(CakeRequest), Object(CakeResponse))
#15 {main}
2015-08-31 00:14:14 Error: [PDOException] SQLSTATE[42000]: Syntax error or access violation: 1064 You have an error in your SQL syntax; check the manual that corresponds to your MySQL server version for the right syntax to use near '== '1'' at line 1
Request URL: /
Stack Trace:
#0 /Users/Uesato/Sites/lib/Cake/Model/Datasource/DboSource.php(461): PDOStatement->execute(Array)
#1 /Users/Uesato/Sites/lib/Cake/Model/Datasource/DboSource.php(427): DboSource->_execute('SELECT `User`.`...', Array)
#2 /Users/Uesato/Sites/lib/Cake/Model/Datasource/DboSource.php(669): DboSource->execute('SELECT `User`.`...', Array, Array)
#3 /Users/Uesato/Sites/lib/Cake/Model/Datasource/DboSource.php(1114): DboSource->fetchAll('SELECT `User`.`...', false)
#4 /Users/Uesato/Sites/lib/Cake/Model/Model.php(3026): DboSource->read(Object(User), Array)
#5 /Users/Uesato/Sites/lib/Cake/Model/Model.php(2998): Model->_readDataSource('all', Array)
#6 /Users/Uesato/Sites/app/Controller/UsersController.php(171): Model->find('all', Array)
#7 /Users/Uesato/Sites/app/View/Pages/index.ctp(36): UsersController->findUsersByRole(3)
#8 /Users/Uesato/Sites/lib/Cake/View/View.php(971): include('/Users/Uesato/S...')
#9 /Users/Uesato/Sites/lib/Cake/View/View.php(933): View->_evaluate('/Users/Uesato/S...', Array)
#10 /Users/Uesato/Sites/lib/Cake/View/View.php(473): View->_render('/Users/Uesato/S...')
#11 /Users/Uesato/Sites/lib/Cake/Controller/Controller.php(960): View->render(NULL, NULL)
#12 /Users/Uesato/Sites/lib/Cake/Routing/Dispatcher.php(200): Controller->render()
#13 /Users/Uesato/Sites/lib/Cake/Routing/Dispatcher.php(167): Dispatcher->_invoke(Object(PagesController), Object(CakeRequest))
#14 /Users/Uesato/Sites/app/webroot/index.php(118): Dispatcher->dispatch(Object(CakeRequest), Object(CakeResponse))
#15 {main}
2015-08-31 00:34:42 Error: Fatal Error (1): Call to undefined method UsersController::findAllByRole() in [/Users/Uesato/Sites/app/View/Pages/index.ctp, line 36]
2015-08-31 00:34:42 Error: [FatalErrorException] Call to undefined method UsersController::findAllByRole()
Request URL: /
Stack Trace:
#0 /Users/Uesato/Sites/lib/Cake/Error/ErrorHandler.php(213): ErrorHandler::handleFatalError(1, 'Call to undefin...', '/Users/Uesato/S...', 36)
#1 [internal function]: ErrorHandler::handleError(1, 'Call to undefin...', '/Users/Uesato/S...', 36, Array)
#2 /Users/Uesato/Sites/lib/Cake/Core/App.php(933): call_user_func('ErrorHandler::h...', 1, 'Call to undefin...', '/Users/Uesato/S...', 36, Array)
#3 /Users/Uesato/Sites/lib/Cake/Core/App.php(906): App::_checkFatalError()
#4 [internal function]: App::shutdown()
#5 {main}
2015-08-31 00:35:33 Error: Fatal Error (1): Call to undefined method UsersController::findByRole() in [/Users/Uesato/Sites/app/View/Pages/index.ctp, line 36]
2015-08-31 00:35:33 Error: [FatalErrorException] Call to undefined method UsersController::findByRole()
Request URL: /
Stack Trace:
#0 /Users/Uesato/Sites/lib/Cake/Error/ErrorHandler.php(213): ErrorHandler::handleFatalError(1, 'Call to undefin...', '/Users/Uesato/S...', 36)
#1 [internal function]: ErrorHandler::handleError(1, 'Call to undefin...', '/Users/Uesato/S...', 36, Array)
#2 /Users/Uesato/Sites/lib/Cake/Core/App.php(933): call_user_func('ErrorHandler::h...', 1, 'Call to undefin...', '/Users/Uesato/S...', 36, Array)
#3 /Users/Uesato/Sites/lib/Cake/Core/App.php(906): App::_checkFatalError()
#4 [internal function]: App::shutdown()
#5 {main}
2015-08-31 00:37:18 Error: [MissingHelperException] Helper class UserHelper could not be found.
Exception Attributes: array (
  'class' => 'UserHelper',
  'plugin' => false,
)
Request URL: /
Stack Trace:
#0 /Users/Uesato/Sites/lib/Cake/View/HelperCollection.php(63): HelperCollection->load('User')
#1 /Users/Uesato/Sites/lib/Cake/View/View.php(858): HelperCollection->__isset('User')
#2 /Users/Uesato/Sites/app/View/Pages/index.ctp(36): View->__get('User')
#3 /Users/Uesato/Sites/lib/Cake/View/View.php(971): include('/Users/Uesato/S...')
#4 /Users/Uesato/Sites/lib/Cake/View/View.php(933): View->_evaluate('/Users/Uesato/S...', Array)
#5 /Users/Uesato/Sites/lib/Cake/View/View.php(473): View->_render('/Users/Uesato/S...')
#6 /Users/Uesato/Sites/lib/Cake/Controller/Controller.php(960): View->render(NULL, NULL)
#7 /Users/Uesato/Sites/lib/Cake/Routing/Dispatcher.php(200): Controller->render()
#8 /Users/Uesato/Sites/lib/Cake/Routing/Dispatcher.php(167): Dispatcher->_invoke(Object(PagesController), Object(CakeRequest))
#9 /Users/Uesato/Sites/app/webroot/index.php(118): Dispatcher->dispatch(Object(CakeRequest), Object(CakeResponse))
#10 {main}
2015-08-31 00:40:43 Error: Fatal Error (1): Call to undefined method UsersController::query() in [/Users/Uesato/Sites/app/View/Pages/index.ctp, line 36]
2015-08-31 00:40:43 Error: [FatalErrorException] Call to undefined method UsersController::query()
Request URL: /
Stack Trace:
#0 /Users/Uesato/Sites/lib/Cake/Error/ErrorHandler.php(213): ErrorHandler::handleFatalError(1, 'Call to undefin...', '/Users/Uesato/S...', 36)
#1 [internal function]: ErrorHandler::handleError(1, 'Call to undefin...', '/Users/Uesato/S...', 36, Array)
#2 /Users/Uesato/Sites/lib/Cake/Core/App.php(933): call_user_func('ErrorHandler::h...', 1, 'Call to undefin...', '/Users/Uesato/S...', 36, Array)
#3 /Users/Uesato/Sites/lib/Cake/Core/App.php(906): App::_checkFatalError()
#4 [internal function]: App::shutdown()
#5 {main}
2015-08-31 00:56:51 Error: [MissingHelperException] Helper class UserHelper could not be found.
Exception Attributes: array (
  'class' => 'UserHelper',
  'plugin' => false,
)
Request URL: /
Stack Trace:
#0 /Users/Uesato/Sites/lib/Cake/View/HelperCollection.php(63): HelperCollection->load('User')
#1 /Users/Uesato/Sites/lib/Cake/View/View.php(858): HelperCollection->__isset('User')
#2 /Users/Uesato/Sites/app/View/Pages/index.ctp(43): View->__get('User')
#3 /Users/Uesato/Sites/lib/Cake/View/View.php(971): include('/Users/Uesato/S...')
#4 /Users/Uesato/Sites/lib/Cake/View/View.php(933): View->_evaluate('/Users/Uesato/S...', Array)
#5 /Users/Uesato/Sites/lib/Cake/View/View.php(473): View->_render('/Users/Uesato/S...')
#6 /Users/Uesato/Sites/lib/Cake/Controller/Controller.php(960): View->render(NULL, NULL)
#7 /Users/Uesato/Sites/lib/Cake/Routing/Dispatcher.php(200): Controller->render()
#8 /Users/Uesato/Sites/lib/Cake/Routing/Dispatcher.php(167): Dispatcher->_invoke(Object(PagesController), Object(CakeRequest))
#9 /Users/Uesato/Sites/app/webroot/index.php(118): Dispatcher->dispatch(Object(CakeRequest), Object(CakeResponse))
#10 {main}
2015-08-31 01:23:08 Error: Fatal Error (1): Class 'TopicsController' not found in [/Users/Uesato/Sites/app/View/Pages/index.ctp, line 57]
2015-08-31 01:23:08 Error: [FatalErrorException] Class 'TopicsController' not found
Request URL: /
Stack Trace:
#0 /Users/Uesato/Sites/lib/Cake/Error/ErrorHandler.php(213): ErrorHandler::handleFatalError(1, 'Class 'TopicsCo...', '/Users/Uesato/S...', 57)
#1 [internal function]: ErrorHandler::handleError(1, 'Class 'TopicsCo...', '/Users/Uesato/S...', 57, Array)
#2 /Users/Uesato/Sites/lib/Cake/Core/App.php(933): call_user_func('ErrorHandler::h...', 1, 'Class 'TopicsCo...', '/Users/Uesato/S...', 57, Array)
#3 /Users/Uesato/Sites/lib/Cake/Core/App.php(906): App::_checkFatalError()
#4 [internal function]: App::shutdown()
#5 {main}
2015-08-31 01:23:16 Error: Fatal Error (1): Class 'TopicsController' not found in [/Users/Uesato/Sites/app/View/Pages/index.ctp, line 57]
2015-08-31 01:23:16 Error: [FatalErrorException] Class 'TopicsController' not found
Request URL: /
Stack Trace:
#0 /Users/Uesato/Sites/lib/Cake/Error/ErrorHandler.php(213): ErrorHandler::handleFatalError(1, 'Class 'TopicsCo...', '/Users/Uesato/S...', 57)
#1 [internal function]: ErrorHandler::handleError(1, 'Class 'TopicsCo...', '/Users/Uesato/S...', 57, Array)
#2 /Users/Uesato/Sites/lib/Cake/Core/App.php(933): call_user_func('ErrorHandler::h...', 1, 'Class 'TopicsCo...', '/Users/Uesato/S...', 57, Array)
#3 /Users/Uesato/Sites/lib/Cake/Core/App.php(906): App::_checkFatalError()
#4 [internal function]: App::shutdown()
#5 {main}
2015-08-31 01:23:18 Error: Fatal Error (1): Class 'TopicsController' not found in [/Users/Uesato/Sites/app/View/Pages/index.ctp, line 57]
2015-08-31 01:23:18 Error: [FatalErrorException] Class 'TopicsController' not found
Request URL: /
Stack Trace:
#0 /Users/Uesato/Sites/lib/Cake/Error/ErrorHandler.php(213): ErrorHandler::handleFatalError(1, 'Class 'TopicsCo...', '/Users/Uesato/S...', 57)
#1 [internal function]: ErrorHandler::handleError(1, 'Class 'TopicsCo...', '/Users/Uesato/S...', 57, Array)
#2 /Users/Uesato/Sites/lib/Cake/Core/App.php(933): call_user_func('ErrorHandler::h...', 1, 'Class 'TopicsCo...', '/Users/Uesato/S...', 57, Array)
#3 /Users/Uesato/Sites/lib/Cake/Core/App.php(906): App::_checkFatalError()
#4 [internal function]: App::shutdown()
#5 {main}
2015-08-31 01:23:42 Error: Fatal Error (1): Call to undefined method TopicsController::find() in [/Users/Uesato/Sites/app/View/Pages/index.ctp, line 58]
2015-08-31 01:23:42 Error: [FatalErrorException] Call to undefined method TopicsController::find()
Request URL: /
Stack Trace:
#0 /Users/Uesato/Sites/lib/Cake/Error/ErrorHandler.php(213): ErrorHandler::handleFatalError(1, 'Call to undefin...', '/Users/Uesato/S...', 58)
#1 [internal function]: ErrorHandler::handleError(1, 'Call to undefin...', '/Users/Uesato/S...', 58, Array)
#2 /Users/Uesato/Sites/lib/Cake/Core/App.php(933): call_user_func('ErrorHandler::h...', 1, 'Call to undefin...', '/Users/Uesato/S...', 58, Array)
#3 /Users/Uesato/Sites/lib/Cake/Core/App.php(906): App::_checkFatalError()
#4 [internal function]: App::shutdown()
#5 {main}
2015-08-31 01:25:11 Error: Fatal Error (1): Call to a member function find() on null in [/Users/Uesato/Sites/app/View/Pages/index.ctp, line 58]
2015-08-31 01:25:11 Error: [FatalErrorException] Call to a member function find() on null
Request URL: /
Stack Trace:
#0 /Users/Uesato/Sites/lib/Cake/Error/ErrorHandler.php(213): ErrorHandler::handleFatalError(1, 'Call to a membe...', '/Users/Uesato/S...', 58)
#1 [internal function]: ErrorHandler::handleError(1, 'Call to a membe...', '/Users/Uesato/S...', 58, Array)
#2 /Users/Uesato/Sites/lib/Cake/Core/App.php(933): call_user_func('ErrorHandler::h...', 1, 'Call to a membe...', '/Users/Uesato/S...', 58, Array)
#3 /Users/Uesato/Sites/lib/Cake/Core/App.php(906): App::_checkFatalError()
#4 [internal function]: App::shutdown()
#5 {main}
2015-08-31 01:43:45 Error: Fatal Error (1): Call to undefined method PostsController::find() in [/Users/Uesato/Sites/app/View/Pages/index.ctp, line 35]
2015-08-31 01:43:45 Error: [FatalErrorException] Call to undefined method PostsController::find()
Request URL: /
Stack Trace:
#0 /Users/Uesato/Sites/lib/Cake/Error/ErrorHandler.php(213): ErrorHandler::handleFatalError(1, 'Call to undefin...', '/Users/Uesato/S...', 35)
#1 [internal function]: ErrorHandler::handleError(1, 'Call to undefin...', '/Users/Uesato/S...', 35, Array)
#2 /Users/Uesato/Sites/lib/Cake/Core/App.php(933): call_user_func('ErrorHandler::h...', 1, 'Call to undefin...', '/Users/Uesato/S...', 35, Array)
#3 /Users/Uesato/Sites/lib/Cake/Core/App.php(906): App::_checkFatalError()
#4 [internal function]: App::shutdown()
#5 {main}
2015-08-31 01:44:07 Error: Fatal Error (1): Call to a member function find() on null in [/Users/Uesato/Sites/app/View/Pages/index.ctp, line 35]
2015-08-31 01:44:07 Error: [FatalErrorException] Call to a member function find() on null
Request URL: /
Stack Trace:
#0 /Users/Uesato/Sites/lib/Cake/Error/ErrorHandler.php(213): ErrorHandler::handleFatalError(1, 'Call to a membe...', '/Users/Uesato/S...', 35)
#1 [internal function]: ErrorHandler::handleError(1, 'Call to a membe...', '/Users/Uesato/S...', 35, Array)
#2 /Users/Uesato/Sites/lib/Cake/Core/App.php(933): call_user_func('ErrorHandler::h...', 1, 'Call to a membe...', '/Users/Uesato/S...', 35, Array)
#3 /Users/Uesato/Sites/lib/Cake/Core/App.php(906): App::_checkFatalError()
#4 [internal function]: App::shutdown()
#5 {main}
2015-08-31 01:44:17 Error: Fatal Error (1): Call to a member function findAll() on null in [/Users/Uesato/Sites/app/View/Pages/index.ctp, line 35]
2015-08-31 01:44:17 Error: [FatalErrorException] Call to a member function findAll() on null
Request URL: /
Stack Trace:
#0 /Users/Uesato/Sites/lib/Cake/Error/ErrorHandler.php(213): ErrorHandler::handleFatalError(1, 'Call to a membe...', '/Users/Uesato/S...', 35)
#1 [internal function]: ErrorHandler::handleError(1, 'Call to a membe...', '/Users/Uesato/S...', 35, Array)
#2 /Users/Uesato/Sites/lib/Cake/Core/App.php(933): call_user_func('ErrorHandler::h...', 1, 'Call to a membe...', '/Users/Uesato/S...', 35, Array)
#3 /Users/Uesato/Sites/lib/Cake/Core/App.php(906): App::_checkFatalError()
#4 [internal function]: App::shutdown()
#5 {main}
2015-08-31 01:44:30 Error: Fatal Error (1): Call to undefined method PostsController::findAll() in [/Users/Uesato/Sites/app/View/Pages/index.ctp, line 35]
2015-08-31 01:44:30 Error: [FatalErrorException] Call to undefined method PostsController::findAll()
Request URL: /
Stack Trace:
#0 /Users/Uesato/Sites/lib/Cake/Error/ErrorHandler.php(213): ErrorHandler::handleFatalError(1, 'Call to undefin...', '/Users/Uesato/S...', 35)
#1 [internal function]: ErrorHandler::handleError(1, 'Call to undefin...', '/Users/Uesato/S...', 35, Array)
#2 /Users/Uesato/Sites/lib/Cake/Core/App.php(933): call_user_func('ErrorHandler::h...', 1, 'Call to undefin...', '/Users/Uesato/S...', 35, Array)
#3 /Users/Uesato/Sites/lib/Cake/Core/App.php(906): App::_checkFatalError()
#4 [internal function]: App::shutdown()
#5 {main}
2015-08-31 01:44:51 Error: [MissingHelperException] Helper class PostsHelper could not be found.
Exception Attributes: array (
  'class' => 'PostsHelper',
  'plugin' => false,
)
Request URL: /
Stack Trace:
#0 /Users/Uesato/Sites/lib/Cake/View/HelperCollection.php(63): HelperCollection->load('Posts')
#1 /Users/Uesato/Sites/lib/Cake/View/View.php(858): HelperCollection->__isset('Posts')
#2 /Users/Uesato/Sites/app/View/Pages/index.ctp(35): View->__get('Posts')
#3 /Users/Uesato/Sites/lib/Cake/View/View.php(971): include('/Users/Uesato/S...')
#4 /Users/Uesato/Sites/lib/Cake/View/View.php(933): View->_evaluate('/Users/Uesato/S...', Array)
#5 /Users/Uesato/Sites/lib/Cake/View/View.php(473): View->_render('/Users/Uesato/S...')
#6 /Users/Uesato/Sites/lib/Cake/Controller/Controller.php(960): View->render(NULL, NULL)
#7 /Users/Uesato/Sites/lib/Cake/Routing/Dispatcher.php(200): Controller->render()
#8 /Users/Uesato/Sites/lib/Cake/Routing/Dispatcher.php(167): Dispatcher->_invoke(Object(PagesController), Object(CakeRequest))
#9 /Users/Uesato/Sites/app/webroot/index.php(118): Dispatcher->dispatch(Object(CakeRequest), Object(CakeResponse))
#10 {main}
2015-08-31 01:45:03 Error: Fatal Error (1): Call to a member function find() on null in [/Users/Uesato/Sites/app/View/Pages/index.ctp, line 35]
2015-08-31 01:45:03 Error: [FatalErrorException] Call to a member function find() on null
Request URL: /
Stack Trace:
#0 /Users/Uesato/Sites/lib/Cake/Error/ErrorHandler.php(213): ErrorHandler::handleFatalError(1, 'Call to a membe...', '/Users/Uesato/S...', 35)
#1 [internal function]: ErrorHandler::handleError(1, 'Call to a membe...', '/Users/Uesato/S...', 35, Array)
#2 /Users/Uesato/Sites/lib/Cake/Core/App.php(933): call_user_func('ErrorHandler::h...', 1, 'Call to a membe...', '/Users/Uesato/S...', 35, Array)
#3 /Users/Uesato/Sites/lib/Cake/Core/App.php(906): App::_checkFatalError()
#4 [internal function]: App::shutdown()
#5 {main}
2015-08-31 01:46:15 Error: Fatal Error (1): Call to a member function findAll() on null in [/Users/Uesato/Sites/app/View/Pages/index.ctp, line 35]
2015-08-31 01:46:15 Error: [FatalErrorException] Call to a member function findAll() on null
Request URL: /
Stack Trace:
#0 /Users/Uesato/Sites/lib/Cake/Error/ErrorHandler.php(213): ErrorHandler::handleFatalError(1, 'Call to a membe...', '/Users/Uesato/S...', 35)
#1 [internal function]: ErrorHandler::handleError(1, 'Call to a membe...', '/Users/Uesato/S...', 35, Array)
#2 /Users/Uesato/Sites/lib/Cake/Core/App.php(933): call_user_func('ErrorHandler::h...', 1, 'Call to a membe...', '/Users/Uesato/S...', 35, Array)
#3 /Users/Uesato/Sites/lib/Cake/Core/App.php(906): App::_checkFatalError()
#4 [internal function]: App::shutdown()
#5 {main}
2015-08-31 01:46:46 Error: Fatal Error (1): Call to a member function findAll() on null in [/Users/Uesato/Sites/app/View/Pages/index.ctp, line 35]
2015-08-31 01:46:46 Error: [FatalErrorException] Call to a member function findAll() on null
Request URL: /
Stack Trace:
#0 /Users/Uesato/Sites/lib/Cake/Error/ErrorHandler.php(213): ErrorHandler::handleFatalError(1, 'Call to a membe...', '/Users/Uesato/S...', 35)
#1 [internal function]: ErrorHandler::handleError(1, 'Call to a membe...', '/Users/Uesato/S...', 35, Array)
#2 /Users/Uesato/Sites/lib/Cake/Core/App.php(933): call_user_func('ErrorHandler::h...', 1, 'Call to a membe...', '/Users/Uesato/S...', 35, Array)
#3 /Users/Uesato/Sites/lib/Cake/Core/App.php(906): App::_checkFatalError()
#4 [internal function]: App::shutdown()
#5 {main}
2015-08-31 02:24:58 Error: [MissingViewException] View file "Pages/posts/20.ctp" is missing.
Exception Attributes: array (
  'file' => 'Pages/posts/20.ctp',
)
Request URL: /pages/posts/20
Stack Trace:
#0 /Users/Uesato/Sites/lib/Cake/View/View.php(470): View->_getViewFileName('posts/20')
#1 /Users/Uesato/Sites/lib/Cake/Controller/Controller.php(960): View->render('posts/20', NULL)
#2 /Users/Uesato/Sites/app/Controller/PagesController.php(91): Controller->render('posts/20')
#3 [internal function]: PagesController->display('posts', '20')
#4 /Users/Uesato/Sites/lib/Cake/Controller/Controller.php(490): ReflectionMethod->invokeArgs(Object(PagesController), Array)
#5 /Users/Uesato/Sites/lib/Cake/Routing/Dispatcher.php(193): Controller->invokeAction(Object(CakeRequest))
#6 /Users/Uesato/Sites/lib/Cake/Routing/Dispatcher.php(167): Dispatcher->_invoke(Object(PagesController), Object(CakeRequest))
#7 /Users/Uesato/Sites/app/webroot/index.php(118): Dispatcher->dispatch(Object(CakeRequest), Object(CakeResponse))
#8 {main}
2015-08-31 02:25:37 Error: [MissingActionException] Action PagesController::display() could not be found.
Exception Attributes: array (
  'controller' => 'PagesController',
  'action' => 'display',
)
Request URL: /pages/posts/20
Stack Trace:
#0 /Users/Uesato/Sites/lib/Cake/Routing/Dispatcher.php(193): Controller->invokeAction(Object(CakeRequest))
#1 /Users/Uesato/Sites/lib/Cake/Routing/Dispatcher.php(167): Dispatcher->_invoke(Object(PagesController), Object(CakeRequest))
#2 /Users/Uesato/Sites/app/webroot/index.php(118): Dispatcher->dispatch(Object(CakeRequest), Object(CakeResponse))
#3 {main}
2015-08-31 02:37:21 Error: [MissingActionException] Action PagesController::display() could not be found.
Exception Attributes: array (
  'controller' => 'PagesController',
  'action' => 'display',
)
Request URL: /pages/view_posts/20
Stack Trace:
#0 /Users/Uesato/Sites/lib/Cake/Routing/Dispatcher.php(193): Controller->invokeAction(Object(CakeRequest))
#1 /Users/Uesato/Sites/lib/Cake/Routing/Dispatcher.php(167): Dispatcher->_invoke(Object(PagesController), Object(CakeRequest))
#2 /Users/Uesato/Sites/app/webroot/index.php(118): Dispatcher->dispatch(Object(CakeRequest), Object(CakeResponse))
#3 {main}
2015-08-31 18:40:04 Error: [MissingViewException] View file "Pages/view_posts/20.ctp" is missing.
Exception Attributes: array (
  'file' => 'Pages/view_posts/20.ctp',
)
Request URL: /pages/view_posts/20
Stack Trace:
#0 /Users/Uesato/Sites/lib/Cake/View/View.php(470): View->_getViewFileName('view_posts/20')
#1 /Users/Uesato/Sites/lib/Cake/Controller/Controller.php(960): View->render('view_posts/20', NULL)
#2 /Users/Uesato/Sites/app/Controller/PagesController.php(90): Controller->render('view_posts/20')
#3 [internal function]: PagesController->display('view_posts', '20')
#4 /Users/Uesato/Sites/lib/Cake/Controller/Controller.php(490): ReflectionMethod->invokeArgs(Object(PagesController), Array)
#5 /Users/Uesato/Sites/lib/Cake/Routing/Dispatcher.php(193): Controller->invokeAction(Object(CakeRequest))
#6 /Users/Uesato/Sites/lib/Cake/Routing/Dispatcher.php(167): Dispatcher->_invoke(Object(PagesController), Object(CakeRequest))
#7 /Users/Uesato/Sites/app/webroot/index.php(118): Dispatcher->dispatch(Object(CakeRequest), Object(CakeResponse))
#8 {main}
2015-08-31 18:41:27 Error: [MissingViewException] View file "Pages/view_posts/20.ctp" is missing.
Exception Attributes: array (
  'file' => 'Pages/view_posts/20.ctp',
)
Request URL: /pages/view_posts/20
Stack Trace:
#0 /Users/Uesato/Sites/lib/Cake/View/View.php(470): View->_getViewFileName('view_posts/20')
#1 /Users/Uesato/Sites/lib/Cake/Controller/Controller.php(960): View->render('view_posts/20', NULL)
#2 /Users/Uesato/Sites/app/Controller/PagesController.php(90): Controller->render('view_posts/20')
#3 [internal function]: PagesController->display('view_posts', '20')
#4 /Users/Uesato/Sites/lib/Cake/Controller/Controller.php(490): ReflectionMethod->invokeArgs(Object(PagesController), Array)
#5 /Users/Uesato/Sites/lib/Cake/Routing/Dispatcher.php(193): Controller->invokeAction(Object(CakeRequest))
#6 /Users/Uesato/Sites/lib/Cake/Routing/Dispatcher.php(167): Dispatcher->_invoke(Object(PagesController), Object(CakeRequest))
#7 /Users/Uesato/Sites/app/webroot/index.php(118): Dispatcher->dispatch(Object(CakeRequest), Object(CakeResponse))
#8 {main}
2015-08-31 18:45:27 Error: [MissingViewException] View file "Pages/view_posts/20.ctp" is missing.
Exception Attributes: array (
  'file' => 'Pages/view_posts/20.ctp',
)
Request URL: /pages/view_posts/20
Stack Trace:
#0 /Users/Uesato/Sites/lib/Cake/View/View.php(470): View->_getViewFileName('view_posts/20')
#1 /Users/Uesato/Sites/lib/Cake/Controller/Controller.php(960): View->render('view_posts/20', NULL)
#2 /Users/Uesato/Sites/app/Controller/PagesController.php(90): Controller->render('view_posts/20')
#3 [internal function]: PagesController->display('view_posts', '20')
#4 /Users/Uesato/Sites/lib/Cake/Controller/Controller.php(490): ReflectionMethod->invokeArgs(Object(PagesController), Array)
#5 /Users/Uesato/Sites/lib/Cake/Routing/Dispatcher.php(193): Controller->invokeAction(Object(CakeRequest))
#6 /Users/Uesato/Sites/lib/Cake/Routing/Dispatcher.php(167): Dispatcher->_invoke(Object(PagesController), Object(CakeRequest))
#7 /Users/Uesato/Sites/app/webroot/index.php(118): Dispatcher->dispatch(Object(CakeRequest), Object(CakeResponse))
#8 {main}
2015-08-31 18:48:44 Error: [MissingViewException] View file "Pages/view_posts/20.ctp" is missing.
Exception Attributes: array (
  'file' => 'Pages/view_posts/20.ctp',
)
Request URL: /pages/view_posts/20
Stack Trace:
#0 /Users/Uesato/Sites/lib/Cake/View/View.php(470): View->_getViewFileName('view_posts/20')
#1 /Users/Uesato/Sites/lib/Cake/Controller/Controller.php(960): View->render('view_posts/20', NULL)
#2 /Users/Uesato/Sites/app/Controller/PagesController.php(90): Controller->render('view_posts/20')
#3 [internal function]: PagesController->display('view_posts', '20')
#4 /Users/Uesato/Sites/lib/Cake/Controller/Controller.php(490): ReflectionMethod->invokeArgs(Object(PagesController), Array)
#5 /Users/Uesato/Sites/lib/Cake/Routing/Dispatcher.php(193): Controller->invokeAction(Object(CakeRequest))
#6 /Users/Uesato/Sites/lib/Cake/Routing/Dispatcher.php(167): Dispatcher->_invoke(Object(PagesController), Object(CakeRequest))
#7 /Users/Uesato/Sites/app/webroot/index.php(118): Dispatcher->dispatch(Object(CakeRequest), Object(CakeResponse))
#8 {main}
2015-09-01 01:53:32 Error: [MissingViewException] View file "Pages/view/1.ctp" is missing.
Exception Attributes: array (
  'file' => 'Pages/view/1.ctp',
)
Request URL: /pages/view/1
Stack Trace:
#0 /Users/Uesato/Sites/lib/Cake/View/View.php(470): View->_getViewFileName('view/1')
#1 /Users/Uesato/Sites/lib/Cake/Controller/Controller.php(960): View->render('view/1', NULL)
#2 /Users/Uesato/Sites/app/Controller/PagesController.php(90): Controller->render('view/1')
#3 [internal function]: PagesController->display('view', '1')
#4 /Users/Uesato/Sites/lib/Cake/Controller/Controller.php(490): ReflectionMethod->invokeArgs(Object(PagesController), Array)
#5 /Users/Uesato/Sites/lib/Cake/Routing/Dispatcher.php(193): Controller->invokeAction(Object(CakeRequest))
#6 /Users/Uesato/Sites/lib/Cake/Routing/Dispatcher.php(167): Dispatcher->_invoke(Object(PagesController), Object(CakeRequest))
#7 /Users/Uesato/Sites/app/webroot/index.php(118): Dispatcher->dispatch(Object(CakeRequest), Object(CakeResponse))
#8 {main}
2015-09-01 01:56:34 Error: [MissingViewException] View file "Pages/view/1.ctp" is missing.
Exception Attributes: array (
  'file' => 'Pages/view/1.ctp',
)
Request URL: /pages/view/1
Stack Trace:
#0 /Users/Uesato/Sites/lib/Cake/View/View.php(470): View->_getViewFileName('view/1')
#1 /Users/Uesato/Sites/lib/Cake/Controller/Controller.php(960): View->render('view/1', NULL)
#2 /Users/Uesato/Sites/app/Controller/PagesController.php(90): Controller->render('view/1')
#3 [internal function]: PagesController->display('view', '1')
#4 /Users/Uesato/Sites/lib/Cake/Controller/Controller.php(490): ReflectionMethod->invokeArgs(Object(PagesController), Array)
#5 /Users/Uesato/Sites/lib/Cake/Routing/Dispatcher.php(193): Controller->invokeAction(Object(CakeRequest))
#6 /Users/Uesato/Sites/lib/Cake/Routing/Dispatcher.php(167): Dispatcher->_invoke(Object(PagesController), Object(CakeRequest))
#7 /Users/Uesato/Sites/app/webroot/index.php(118): Dispatcher->dispatch(Object(CakeRequest), Object(CakeResponse))
#8 {main}
2015-09-01 01:57:00 Error: [MissingViewException] View file "Pages/view/1.ctp" is missing.
Exception Attributes: array (
  'file' => 'Pages/view/1.ctp',
)
Request URL: /pages/view/1
Stack Trace:
#0 /Users/Uesato/Sites/lib/Cake/View/View.php(470): View->_getViewFileName('view/1')
#1 /Users/Uesato/Sites/lib/Cake/Controller/Controller.php(960): View->render('view/1', NULL)
#2 /Users/Uesato/Sites/app/Controller/PagesController.php(90): Controller->render('view/1')
#3 [internal function]: PagesController->display('view', '1')
#4 /Users/Uesato/Sites/lib/Cake/Controller/Controller.php(490): ReflectionMethod->invokeArgs(Object(PagesController), Array)
#5 /Users/Uesato/Sites/lib/Cake/Routing/Dispatcher.php(193): Controller->invokeAction(Object(CakeRequest))
#6 /Users/Uesato/Sites/lib/Cake/Routing/Dispatcher.php(167): Dispatcher->_invoke(Object(PagesController), Object(CakeRequest))
#7 /Users/Uesato/Sites/app/webroot/index.php(118): Dispatcher->dispatch(Object(CakeRequest), Object(CakeResponse))
#8 {main}
2015-09-01 02:39:53 Error: [MissingViewException] View file "Pages/view/1.ctp" is missing.
Exception Attributes: array (
  'file' => 'Pages/view/1.ctp',
)
Request URL: /pages/view/1
Stack Trace:
#0 /Users/Uesato/Sites/lib/Cake/View/View.php(470): View->_getViewFileName('view/1')
#1 /Users/Uesato/Sites/lib/Cake/Controller/Controller.php(960): View->render('view/1', NULL)
#2 /Users/Uesato/Sites/app/Controller/PagesController.php(90): Controller->render('view/1')
#3 [internal function]: PagesController->display('view', '1')
#4 /Users/Uesato/Sites/lib/Cake/Controller/Controller.php(490): ReflectionMethod->invokeArgs(Object(PagesController), Array)
#5 /Users/Uesato/Sites/lib/Cake/Routing/Dispatcher.php(193): Controller->invokeAction(Object(CakeRequest))
#6 /Users/Uesato/Sites/lib/Cake/Routing/Dispatcher.php(167): Dispatcher->_invoke(Object(PagesController), Object(CakeRequest))
#7 /Users/Uesato/Sites/app/webroot/index.php(118): Dispatcher->dispatch(Object(CakeRequest), Object(CakeResponse))
#8 {main}
2015-09-01 02:44:55 Error: Fatal Error (4): syntax error, unexpected ';' in [/Users/Uesato/Sites/app/View/Posts/index.ctp, line 22]
2015-09-01 02:44:55 Error: [FatalErrorException] syntax error, unexpected ';'
Request URL: /posts
Stack Trace:
#0 /Users/Uesato/Sites/lib/Cake/Error/ErrorHandler.php(213): ErrorHandler::handleFatalError(4, 'syntax error, u...', '/Users/Uesato/S...', 22)
#1 [internal function]: ErrorHandler::handleError(4, 'syntax error, u...', '/Users/Uesato/S...', 22, Array)
#2 /Users/Uesato/Sites/lib/Cake/Core/App.php(933): call_user_func('ErrorHandler::h...', 4, 'syntax error, u...', '/Users/Uesato/S...', 22, Array)
#3 /Users/Uesato/Sites/lib/Cake/Core/App.php(906): App::_checkFatalError()
#4 [internal function]: App::shutdown()
#5 {main}
2015-09-01 02:51:32 Error: [MissingViewException] View file "Pages/inde.ctp" is missing.
Exception Attributes: array (
  'file' => 'Pages/inde.ctp',
)
Request URL: /pages/inde
Stack Trace:
#0 /Users/Uesato/Sites/lib/Cake/View/View.php(470): View->_getViewFileName('inde')
#1 /Users/Uesato/Sites/lib/Cake/Controller/Controller.php(960): View->render('inde', NULL)
#2 /Users/Uesato/Sites/app/Controller/PagesController.php(90): Controller->render('inde')
#3 [internal function]: PagesController->display('inde')
#4 /Users/Uesato/Sites/lib/Cake/Controller/Controller.php(490): ReflectionMethod->invokeArgs(Object(PagesController), Array)
#5 /Users/Uesato/Sites/lib/Cake/Routing/Dispatcher.php(193): Controller->invokeAction(Object(CakeRequest))
#6 /Users/Uesato/Sites/lib/Cake/Routing/Dispatcher.php(167): Dispatcher->_invoke(Object(PagesController), Object(CakeRequest))
#7 /Users/Uesato/Sites/app/webroot/index.php(118): Dispatcher->dispatch(Object(CakeRequest), Object(CakeResponse))
#8 {main}
2015-09-01 03:04:39 Error: [MissingActionException] Action PagesController::view() could not be found.
Exception Attributes: array (
  'controller' => 'PagesController',
  'action' => 'view',
)
Request URL: /pages/view/1
Stack Trace:
#0 /Users/Uesato/Sites/lib/Cake/Routing/Dispatcher.php(193): Controller->invokeAction(Object(CakeRequest))
#1 /Users/Uesato/Sites/lib/Cake/Routing/Dispatcher.php(167): Dispatcher->_invoke(Object(PagesController), Object(CakeRequest))
#2 /Users/Uesato/Sites/app/webroot/index.php(118): Dispatcher->dispatch(Object(CakeRequest), Object(CakeResponse))
#3 {main}
2015-09-01 03:05:33 Error: [MissingActionException] Action PagesController::view() could not be found.
Exception Attributes: array (
  'controller' => 'PagesController',
  'action' => 'view',
)
Request URL: /pages/view/13
Stack Trace:
#0 /Users/Uesato/Sites/lib/Cake/Routing/Dispatcher.php(193): Controller->invokeAction(Object(CakeRequest))
#1 /Users/Uesato/Sites/lib/Cake/Routing/Dispatcher.php(167): Dispatcher->_invoke(Object(PagesController), Object(CakeRequest))
#2 /Users/Uesato/Sites/app/webroot/index.php(118): Dispatcher->dispatch(Object(CakeRequest), Object(CakeResponse))
#3 {main}
2015-09-01 03:41:57 Error: [MissingHelperException] Helper class usernameHelper could not be found.
Exception Attributes: array (
  'class' => 'usernameHelper',
  'plugin' => false,
)
Request URL: /topics/view/3
Stack Trace:
#0 /Users/Uesato/Sites/lib/Cake/View/HelperCollection.php(63): HelperCollection->load('username')
#1 /Users/Uesato/Sites/lib/Cake/View/View.php(858): HelperCollection->__isset('username')
#2 /Users/Uesato/Sites/app/View/Topics/view.ctp(20): View->__get('username')
#3 /Users/Uesato/Sites/lib/Cake/View/View.php(971): include('/Users/Uesato/S...')
#4 /Users/Uesato/Sites/lib/Cake/View/View.php(933): View->_evaluate('/Users/Uesato/S...', Array)
#5 /Users/Uesato/Sites/lib/Cake/View/View.php(473): View->_render('/Users/Uesato/S...')
#6 /Users/Uesato/Sites/lib/Cake/Controller/Controller.php(960): View->render(NULL, NULL)
#7 /Users/Uesato/Sites/lib/Cake/Routing/Dispatcher.php(200): Controller->render()
#8 /Users/Uesato/Sites/lib/Cake/Routing/Dispatcher.php(167): Dispatcher->_invoke(Object(TopicsController), Object(CakeRequest))
#9 /Users/Uesato/Sites/app/webroot/index.php(118): Dispatcher->dispatch(Object(CakeRequest), Object(CakeResponse))
#10 {main}
2015-09-01 04:17:59 Error: Fatal Error (4): syntax error, unexpected '{', expecting ':' in [/Users/Uesato/Sites/app/View/Posts/index.ctp, line 28]
2015-09-01 04:17:59 Error: [FatalErrorException] syntax error, unexpected '{', expecting ':'
Request URL: /posts
Stack Trace:
#0 /Users/Uesato/Sites/lib/Cake/Error/ErrorHandler.php(213): ErrorHandler::handleFatalError(4, 'syntax error, u...', '/Users/Uesato/S...', 28)
#1 [internal function]: ErrorHandler::handleError(4, 'syntax error, u...', '/Users/Uesato/S...', 28, Array)
#2 /Users/Uesato/Sites/lib/Cake/Core/App.php(933): call_user_func('ErrorHandler::h...', 4, 'syntax error, u...', '/Users/Uesato/S...', 28, Array)
#3 /Users/Uesato/Sites/lib/Cake/Core/App.php(906): App::_checkFatalError()
#4 [internal function]: App::shutdown()
#5 {main}
2015-09-01 05:23:04 Error: Fatal Error (4): syntax error, unexpected '=>' (T_DOUBLE_ARROW) in [/Users/Uesato/Sites/app/View/Posts/add.ctp, line 9]
2015-09-01 05:23:04 Error: [FatalErrorException] syntax error, unexpected '=>' (T_DOUBLE_ARROW)
Request URL: /posts/add/18
Stack Trace:
#0 /Users/Uesato/Sites/lib/Cake/Error/ErrorHandler.php(213): ErrorHandler::handleFatalError(4, 'syntax error, u...', '/Users/Uesato/S...', 9)
#1 [internal function]: ErrorHandler::handleError(4, 'syntax error, u...', '/Users/Uesato/S...', 9, Array)
#2 /Users/Uesato/Sites/lib/Cake/Core/App.php(933): call_user_func('ErrorHandler::h...', 4, 'syntax error, u...', '/Users/Uesato/S...', 9, Array)
#3 /Users/Uesato/Sites/lib/Cake/Core/App.php(906): App::_checkFatalError()
#4 [internal function]: App::shutdown()
#5 {main}
